Number of Global topologies =  12
+----------+-----------+------------------------+-----------+--------------------------------+
| Topology | #Vertices |      #Insertions       | #Elements |         Sum of weights         |
+----------+-----------+------------------------+-----------+--------------------------------+
|    0     |   [2, 2]  |    [[2, 0], [2, 0]]    |     50    | {'7 TeV (LO)': 3.12E+01 [fb],  |
|          |           |                        |           |  '7 TeV (NLL)': 3.12E+01 [fb], |
|          |           |                        |           |  '8 TeV (LO)': 4.24E+01 [fb],  |
|          |           |                        |           |  '8 TeV (NLL)': 4.24E+01 [fb]} |
|    1     |   [1, 1]  |       [[0], [0]]       |     1     | {'7 TeV (LO)': 6.35E+01 [fb],  |
|          |           |                        |           |  '7 TeV (NLL)': 6.35E+01 [fb], |
|          |           |                        |           |  '8 TeV (LO)': 8.63E+01 [fb],  |
|          |           |                        |           |  '8 TeV (NLL)': 8.63E+01 [fb]} |
|    2     |   [1, 2]  |     [[0], [2, 0]]      |     19    | {'7 TeV (LO)': 3.60E+01 [fb],  |
|          |           |                        |           |  '7 TeV (NLL)': 3.60E+01 [fb], |
|          |           |                        |           |  '8 TeV (LO)': 4.89E+01 [fb],  |
|          |           |                        |           |  '8 TeV (NLL)': 4.89E+01 [fb]} |
|    3     |   [1, 2]  |     [[0], [1, 0]]      |     1     | {'7 TeV (LO)': 2.62E-01 [fb],  |
|          |           |                        |           |  '7 TeV (NLL)': 2.62E-01 [fb], |
|          |           |                        |           |  '8 TeV (LO)': 3.49E-01 [fb],  |
|          |           |                        |           |  '8 TeV (NLL)': 3.49E-01 [fb]} |
|    4     |   [1, 3]  |    [[0], [2, 2, 0]]    |     1     | {'7 TeV (LO)': 1.79E-01 [fb],  |
|          |           |                        |           |  '7 TeV (NLL)': 1.79E-01 [fb], |
|          |           |                        |           |  '8 TeV (LO)': 2.38E-01 [fb],  |
|          |           |                        |           |  '8 TeV (NLL)': 2.38E-01 [fb]} |
|    5     |   [2, 2]  |    [[2, 0], [1, 0]]    |     6     | {'7 TeV (LO)': 5.10E-01 [fb],  |
|          |           |                        |           |  '7 TeV (NLL)': 5.10E-01 [fb], |
|          |           |                        |           |  '8 TeV (LO)': 6.88E-01 [fb],  |
|          |           |                        |           |  '8 TeV (NLL)': 6.88E-01 [fb]} |
|    6     |   [2, 2]  |    [[1, 0], [1, 0]]    |     4     | {'7 TeV (LO)': 3.53E+00 [fb],  |
|          |           |                        |           |  '7 TeV (NLL)': 7.12E+00 [fb], |
|          |           |                        |           |  '8 TeV (LO)': 7.04E+00 [fb],  |
|          |           |                        |           |  '8 TeV (NLL)': 1.34E+01 [fb]} |
|    7     |   [2, 3]  |  [[1, 0], [1, 2, 0]]   |     24    | {'7 TeV (LO)': 1.50E+00 [fb],  |
|          |           |                        |           |  '7 TeV (NLL)': 3.03E+00 [fb], |
|          |           |                        |           |  '8 TeV (LO)': 2.99E+00 [fb],  |
|          |           |                        |           |  '8 TeV (NLL)': 5.72E+00 [fb]} |
|    8     |   [2, 3]  |  [[1, 0], [1, 1, 0]]   |     2     | {'7 TeV (LO)': 9.16E-03 [fb],  |
|          |           |                        |           |  '7 TeV (NLL)': 1.85E-02 [fb], |
|          |           |                        |           |  '8 TeV (LO)': 1.82E-02 [fb],  |
|          |           |                        |           |  '8 TeV (NLL)': 3.49E-02 [fb]} |
|    9     |   [3, 3]  | [[1, 2, 0], [1, 2, 0]] |     36    | {'7 TeV (LO)': 2.01E+00 [fb],  |
|          |           |                        |           |  '7 TeV (NLL)': 4.04E+00 [fb], |
|          |           |                        |           |  '8 TeV (LO)': 4.00E+00 [fb],  |
|          |           |                        |           |  '8 TeV (NLL)': 7.64E+00 [fb]} |
|    10    |   [3, 3]  | [[1, 2, 0], [1, 1, 0]] |     2     | {'7 TeV (LO)': 1.60E-02 [fb],  |
|          |           |                        |           |  '7 TeV (NLL)': 3.22E-02 [fb], |
|          |           |                        |           |  '8 TeV (LO)': 3.18E-02 [fb],  |
|          |           |                        |           |  '8 TeV (NLL)': 6.09E-02 [fb]} |
|    11    |   [3, 2]  |  [[2, 2, 0], [2, 0]]   |     1     | {'7 TeV (LO)': 1.88E-01 [fb],  |
|          |           |                        |           |  '7 TeV (NLL)': 1.88E-01 [fb], |
|          |           |                        |           |  '8 TeV (LO)': 2.47E-01 [fb],  |
|          |           |                        |           |  '8 TeV (NLL)': 2.47E-01 [fb]} |
+----------+-----------+------------------------+-----------+--------------------------------+
Total Number of Elements =  147
Total weight =  {'7 TeV (LO)': 1.39E+02 [fb], '8 TeV (LO)': 1.93E+02 [fb], '7 TeV (NLL)': 1.46E+02 [fb], '8 TeV (NLL)': 2.06E+02 [fb]}

 
 


 
 

---------------Analysis Label =  RAZOR:T2
---------------Analysis Label =  Weakinos8TeV:TChiWZ
---------------Analysis Label =  Weakinos8TeV:TChiChipmStauStau
---------------Analysis Label =  Weakinos8TeV:TSlepSlep
---------------Analysis Label =  Weakinos8TeV:TChiChipmSlepStau
---------------Analysis Label =  Weakinos8TeV:TChiChipmSlepL
---------------Analysis Label =  Weakinos8TeV:TChipChimSlepSnu
---------------Analysis Label =  ATLAS_CONF_2013_037:T2tt
[SMSResults.getInterpolatedUpperLimit] Can't interpolate for (648.255292,300.681405), point is not in convex hull.
[SMSResults.getInterpolatedUpperLimit] Can't interpolate for (648.255292,300.681405), point is not in convex hull.
[SMSAnalysis.MassDist] no limit for ATLAS_CONF_2013_037:T2tt plot 1, masses= [[6.48E+02 [GeV], 3.01E+02 [GeV]], [6.48E+02 [GeV], 3.01E+02 [GeV]]]
[SMSResults.getInterpolatedUpperLimit] Can't interpolate for (648.255292,300.681405), point is not in convex hull.
[SMSResults.getInterpolatedUpperLimit] Can't interpolate for (648.255292,300.681405), point is not in convex hull.
[SMSAnalysis.MassDist] no limit for ATLAS_CONF_2013_037:T2tt plot 1, masses= [[6.48E+02 [GeV], 3.01E+02 [GeV]], [6.48E+02 [GeV], 3.01E+02 [GeV]]]
---------------Analysis Label =  ATLAS_CONF_2013_037:T6bbWW
---------------Analysis Label =  RA2b8TeV:T1tttt
---------------Analysis Label =  RA28TeV:T2
---------------Analysis Label =  RA28TeV:T1
[SMSAnalysis.MassDist] no limit for RA28TeV:T1 plot 1, masses= [[3.04E+02 [GeV], 3.01E+02 [GeV]], [3.04E+02 [GeV], 3.01E+02 [GeV]]]
[SMSAnalysis.MassDist] no limit for RA28TeV:T1 plot 1, masses= [[3.04E+02 [GeV], 3.01E+02 [GeV]], [3.04E+02 [GeV], 3.01E+02 [GeV]]]
[SMSAnalysis.MassDist] no limit for RA28TeV:T1 plot 1, masses= [[3.04E+02 [GeV], 3.01E+02 [GeV]], [3.04E+02 [GeV], 3.01E+02 [GeV]]]
