{'7 TeV (LO)': {(-1000004, 1000004): 2.12E+01 [fb], (1000001, 1000022): 0.00E+00 [fb], (1000022, 1000022): 9.21E+02 [fb], (-1000002, 1000002): 1.06E+01 [fb], (-2000004, 2000004): 1.06E+01 [fb], (1000022, 2000002): 2.12E+01 [fb], (-1000003, 1000003): 1.06E+01 [fb], (-2000003, 2000003): 2.12E+01 [fb], (-1000001, 1000001): 1.06E+01 [fb], (-2000005, 2000005): 2.12E+01 [fb], (-2000001, 2000001): 0.00E+00 [fb]}, '8 TeV (LO)': {(-1000004, 1000004): 1.22E+01 [fb], (1000001, 1000022): 1.22E+01 [fb], (1000022, 1000022): 1.04E+03 [fb], (-1000002, 1000002): 1.22E+01 [fb], (-2000004, 2000004): 3.68E+01 [fb], (1000022, 2000002): 3.68E+01 [fb], (-1000003, 1000003): 1.22E+01 [fb], (-2000003, 2000003): 2.45E+01 [fb], (-1000001, 1000001): 1.22E+01 [fb], (-2000005, 2000005): 1.22E+01 [fb], (-2000001, 2000001): 1.22E+01 [fb]}, '7 TeV (NLL)': {(-1000004, 1000004): 4.00E+01 [fb], (1000001, 1000022): 0.00E+00 [fb], (1000022, 1000022): 9.21E+02 [fb], (-1000002, 1000002): 2.00E+01 [fb], (-2000004, 2000004): 2.00E+01 [fb], (1000022, 2000002): 2.12E+01 [fb], (-1000003, 1000003): 2.00E+01 [fb], (-2000003, 2000003): 4.00E+01 [fb], (-1000001, 1000001): 2.00E+01 [fb], (-2000005, 2000005): 4.14E+01 [fb], (-2000001, 2000001): 0.00E+00 [fb]}, '8 TeV (NLL)': {(-1000004, 1000004): 2.25E+01 [fb], (1000001, 1000022): 1.22E+01 [fb], (1000022, 1000022): 1.04E+03 [fb], (-1000002, 1000002): 2.25E+01 [fb], (-2000004, 2000004): 6.75E+01 [fb], (1000022, 2000002): 3.68E+01 [fb], (-1000003, 1000003): 2.25E+01 [fb], (-2000003, 2000003): 4.50E+01 [fb], (-1000001, 1000001): 2.25E+01 [fb], (-2000005, 2000005): 2.30E+01 [fb], (-2000001, 2000001): 2.25E+01 [fb]}}
GTop [[1,0],[1,0]] [0;32mOK![0;0m
EElement [[[jet]],[[jet]]] [0;32mOK![0;0m
weight for EElement [[[jet]],[[jet]]] [0;32mOK![0;0m
weight for EElement [[[jet]],[[jet]]] [0;32mOK![0;0m
weight for EElement [[[jet]],[[jet]]] [0;32mOK![0;0m
weight for EElement [[[jet]],[[jet]]] [0;32mOK![0;0m
BElement [[jet]] [0;32mOK![0;0m
BElement [[jet]] [0;32mOK![0;0m
EElement [[[b]],[[b]]] [0;32mOK![0;0m
weight for EElement [[[b]],[[b]]] [0;32mOK![0;0m
weight for EElement [[[b]],[[b]]] [0;32mOK![0;0m
weight for EElement [[[b]],[[b]]] [0;32mOK![0;0m
weight for EElement [[[b]],[[b]]] [0;32mOK![0;0m
BElement [[b]] [0;32mOK![0;0m
BElement [[b]] [0;32mOK![0;0m
GTop [[1,0],[0]] [0;32mOK![0;0m
EElement [[[jet]],[]] [0;32mOK![0;0m
weight for EElement [[[jet]],[]] [0;32mOK![0;0m
weight for EElement [[[jet]],[]] [0;32mOK![0;0m
weight for EElement [[[jet]],[]] [0;32mOK![0;0m
weight for EElement [[[jet]],[]] [0;32mOK![0;0m
BElement [[jet]] [0;32mOK![0;0m
BElement [] [0;32mOK![0;0m
GTop [[0],[0]] [0;32mOK![0;0m
EElement [[],[]] [0;32mOK![0;0m
weight for EElement [[],[]] [0;32mOK![0;0m
weight for EElement [[],[]] [0;32mOK![0;0m
weight for EElement [[],[]] [0;32mOK![0;0m
weight for EElement [[],[]] [0;32mOK![0;0m
BElement [] [0;32mOK![0;0m
BElement [] [0;32mOK![0;0m
