Input status: 1
Decomposition output status: 1 #decomposition was successful
# Input File: inputFiles/slha/gluino_squarks.slha
# maxcond = 0.2
# minmassgap = 5.
# ncpus = 1
# sigmacut = 0.01
# Database version: 2.0.0rc1
================================================================================
   ======================================================= 
 || 	 						 || 
 || 	 Theory Predictions and 			 || 
 || 	 Experimental Constraints 		 	 ||
 || 	 						 || 
   ======================================================= 

---------------Analysis Label = CMS-SUS-16-036
-------------------Dataset Label = (UL)
-------------------Txname Labels = ['T2']
Analysis sqrts: 1.30E+01 [TeV]
Theory prediction: 1.17E-02 [pb]
Theory conditions:  None
Observed experimental limit: 7.68E+00 [fb]
Observed r-Value: 1.521273312396544

---------------Analysis Label = CMS-SUS-16-033
-------------------Dataset Label = (UL)
-------------------Txname Labels = ['T2']
Analysis sqrts: 1.30E+01 [TeV]
Theory prediction: 1.17E-02 [pb]
Theory conditions:  None
Observed experimental limit: 8.64E+00 [fb]
Observed r-Value: 1.35282642984693

---------------Analysis Label = CMS-SUS-16-033
-------------------Dataset Label = (UL)
-------------------Txname Labels = ['T1']
Analysis sqrts: 1.30E+01 [TeV]
Theory prediction: 7.53E-03 [pb]
Theory conditions:  None
Observed experimental limit: 6.79E+00 [fb]
Observed r-Value: 1.1096892302327024

---------------Analysis Label = CMS-SUS-16-036
-------------------Dataset Label = (UL)
-------------------Txname Labels = ['T1']
Analysis sqrts: 1.30E+01 [TeV]
Theory prediction: 7.53E-03 [pb]
Theory conditions:  None
Observed experimental limit: 9.30E+00 [fb]
Observed r-Value: 0.8097854221999151

---------------Analysis Label = CMS-SUS-13-019
-------------------Dataset Label = (UL)
-------------------Txname Labels = ['T2']
Analysis sqrts: 8.00E+00 [TeV]
Theory prediction: 1.97E-03 [pb]
Theory conditions:  None
Observed experimental limit: 3.76E+00 [fb]
Observed r-Value: 0.5241208908644123

---------------Analysis Label = ATLAS-SUSY-2013-02
-------------------Dataset Label = (UL)
-------------------Txname Labels = ['T6WW']
Analysis sqrts: 8.00E+00 [TeV]
Theory prediction: 6.66E-03 [pb]
Theory conditions:  None
Observed experimental limit: 1.72E+01 [fb]
Observed r-Value: 0.3875957890137305

---------------Analysis Label = ATLAS-SUSY-2013-02
-------------------Dataset Label = SR2jt
-------------------Txname Labels = ['T1', 'T2']
Analysis sqrts: 8.00E+00 [TeV]
Theory prediction: 6.27E-04 [pb]
Theory conditions:  None
Observed experimental limit: 1.82E+00 [fb]
Expected experimental limit: 1.51E+00 [fb]
Observed r-Value: 0.3448618534326768
Expected r-Value: 0.41456845789867075
Chi2: 0.13017088010682443
Likelihood: 0.001276047801979031

---------------Analysis Label = ATLAS-SUSY-2013-02
-------------------Dataset Label = (UL)
-------------------Txname Labels = ['T2']
Analysis sqrts: 8.00E+00 [TeV]
Theory prediction: 1.97E-03 [pb]
Theory conditions:  None
Observed experimental limit: 6.10E+00 [fb]
Observed r-Value: 0.3232018671308073

---------------Analysis Label = CMS-SUS-13-012
-------------------Dataset Label = 6NJet8_1250HT1500_450MHTinf
-------------------Txname Labels = ['T1', 'T1bbbb', 'T1tttt', 'T2', 'T2tt', 'T5WW', 'T5ZZ', 'T6bbWW', 'TChiWW', 'TChiWZ', 'TChiZZ']
Analysis sqrts: 8.00E+00 [TeV]
Theory prediction: 8.65E-05 [pb]
Theory conditions:  None
Observed experimental limit: 2.74E-01 [fb]
Expected experimental limit: 1.54E-01 [fb]
Observed r-Value: 0.3158547860072363
Expected r-Value: 0.5619753984804076
Chi2: 0.007439868137143257
Likelihood: 0.04110458473997263

---------------Analysis Label = ATLAS-SUSY-2013-04
-------------------Dataset Label = GtGrid_SR_7ej80_0bjet
-------------------Txname Labels = ['T1bbbb', 'T1tttt', 'T2tt', 'T5WW', 'T5ZZ', 'T6bbWW']
Analysis sqrts: 8.00E+00 [TeV]
Theory prediction: 1.53E-04 [pb]
Theory conditions:  None
Observed experimental limit: 5.06E-01 [fb]
Expected experimental limit: 4.64E-01 [fb]
Observed r-Value: 0.3017971313773495
Expected r-Value: 0.32911497516581645
Chi2: 0.31025503047833425
Likelihood: 0.01768615132642029

---------------Analysis Label = ATLAS-SUSY-2013-02
-------------------Dataset Label = (UL)
-------------------Txname Labels = ['T5WW']
Analysis sqrts: 8.00E+00 [TeV]
Theory prediction: 9.07E-03 [pb]
Theory conditions:  None
Observed experimental limit: 3.24E+01 [fb]
Observed r-Value: 0.280021832989291

---------------Analysis Label = CMS-SUS-13-012
-------------------Dataset Label = (UL)
-------------------Txname Labels = ['T2']
Analysis sqrts: 8.00E+00 [TeV]
Theory prediction: 1.97E-03 [pb]
Theory conditions:  None
Observed experimental limit: 1.08E+01 [fb]
Expected experimental limit: 6.10E+00 [fb]
Observed r-Value: 0.18293478609765806
Expected r-Value: 0.3231929682072274

---------------Analysis Label = ATLAS-SUSY-2015-06
-------------------Dataset Label = SR5j
-------------------Txname Labels = ['T1']
Analysis sqrts: 1.30E+01 [TeV]
Theory prediction: 2.79E-04 [pb]
Theory conditions:  None
Observed experimental limit: 1.79E+00 [fb]
Expected experimental limit: 3.05E+00 [fb]
Observed r-Value: 0.15606783193109683
Expected r-Value: 0.0915939079202175
Chi2: 3.0840515186725916
Likelihood: 0.0050359628700245174

---------------Analysis Label = CMS-PAS-SUS-17-004
-------------------Dataset Label = (UL)
-------------------Txname Labels = ['TChiWH']
Analysis sqrts: 1.30E+01 [TeV]
Theory prediction: 2.07E-01 [pb]
Theory conditions:  None
Observed experimental limit: 1.57E+03 [fb]
Observed r-Value: 0.1317422289741328

---------------Analysis Label = CMS-SUS-12-028
-------------------Dataset Label = (UL)
-------------------Txname Labels = ['T2']
Analysis sqrts: 8.00E+00 [TeV]
Theory prediction: 1.97E-03 [pb]
Theory conditions:  None
Observed experimental limit: 1.64E+01 [fb]
Expected experimental limit: 9.56E+00 [fb]
Observed r-Value: 0.11980996207465303
Expected r-Value: 0.20600623222843598

---------------Analysis Label = CMS-PAS-SUS-17-004
-------------------Dataset Label = (UL)
-------------------Txname Labels = ['TChiWZ']
Analysis sqrts: 1.30E+01 [TeV]
Theory prediction: 3.99E-02 [pb]
Theory conditions:  None
Observed experimental limit: 3.68E+02 [fb]
Observed r-Value: 0.10850042259567115

---------------Analysis Label = CMS-SUS-16-039
-------------------Dataset Label = (UL)
-------------------Txname Labels = ['TChiWH']
Analysis sqrts: 1.30E+01 [TeV]
Theory prediction: 2.07E-01 [pb]
Theory conditions:  None
Observed experimental limit: 2.12E+03 [fb]
Observed r-Value: 0.09792813094215061

---------------Analysis Label = CMS-SUS-16-039
-------------------Dataset Label = (UL)
-------------------Txname Labels = ['TChiWZ']
Analysis sqrts: 1.30E+01 [TeV]
Theory prediction: 3.99E-02 [pb]
Theory conditions:  None
Observed experimental limit: 4.68E+02 [fb]
Observed r-Value: 0.08526432274035291

---------------Analysis Label = CMS-SUS-16-045
-------------------Dataset Label = (UL)
-------------------Txname Labels = ['TChiWH']
Analysis sqrts: 1.30E+01 [TeV]
Theory prediction: 2.07E-01 [pb]
Theory conditions:  None
Observed experimental limit: 2.44E+03 [fb]
Observed r-Value: 0.08498109532708449

---------------Analysis Label = CMS-SUS-13-006
-------------------Dataset Label = (UL)
-------------------Txname Labels = ['TChiWH']
Analysis sqrts: 8.00E+00 [TeV]
Theory prediction: 9.59E-02 [pb]
Theory conditions:  None
Observed experimental limit: 1.14E+03 [fb]
Observed r-Value: 0.08440377607268461

---------------Analysis Label = ATLAS-SUSY-2013-11
-------------------Dataset Label = WWc-DF
-------------------Txname Labels = ['TChiWW']
Analysis sqrts: 8.00E+00 [TeV]
Theory prediction: 4.39E-05 [pb]
Theory conditions:  None
Observed experimental limit: 5.31E-01 [fb]
Expected experimental limit: 4.38E-01 [fb]
Observed r-Value: 0.08266678860072503
Expected r-Value: 0.10021932590635844
Chi2: 0.05404478894414755
Likelihood: 0.020730697027885686

---------------Analysis Label = CMS-SUS-13-019
-------------------Dataset Label = (UL)
-------------------Txname Labels = ['T1']
Analysis sqrts: 8.00E+00 [TeV]
Theory prediction: 6.62E-04 [pb]
Theory conditions:  None
Observed experimental limit: 9.70E+00 [fb]
Observed r-Value: 0.06823445200986963

---------------Analysis Label = ATLAS-SUSY-2013-02
-------------------Dataset Label = (UL)
-------------------Txname Labels = ['T1']
Analysis sqrts: 8.00E+00 [TeV]
Theory prediction: 6.62E-04 [pb]
Theory conditions:  None
Observed experimental limit: 1.08E+01 [fb]
Observed r-Value: 0.06117896107629548

---------------Analysis Label = CMS-SUS-13-012
-------------------Dataset Label = (UL)
-------------------Txname Labels = ['T1']
Analysis sqrts: 8.00E+00 [TeV]
Theory prediction: 6.62E-04 [pb]
Theory conditions:  None
Observed experimental limit: 1.11E+01 [fb]
Expected experimental limit: 8.01E+00 [fb]
Observed r-Value: 0.05949124132925755
Expected r-Value: 0.08260803107930274

---------------Analysis Label = ATLAS-SUSY-2013-12
-------------------Dataset Label = (UL)
-------------------Txname Labels = ['TChiWZ']
Analysis sqrts: 8.00E+00 [TeV]
Theory prediction: 1.85E-02 [pb]
Theory conditions:  None
Observed experimental limit: 3.31E+02 [fb]
Observed r-Value: 0.055863270400054704

---------------Analysis Label = CMS-SUS-13-006
-------------------Dataset Label = (UL)
-------------------Txname Labels = ['TChiWZ']
Analysis sqrts: 8.00E+00 [TeV]
Theory prediction: 1.85E-02 [pb]
Theory conditions:  None
Observed experimental limit: 4.66E+02 [fb]
Observed r-Value: 0.03966907062574542

---------------Analysis Label = CMS-SUS-16-034
-------------------Dataset Label = (UL)
-------------------Txname Labels = ['TChiWZ']
Analysis sqrts: 1.30E+01 [TeV]
Theory prediction: 3.99E-02 [pb]
Theory conditions:  None
Observed experimental limit: 1.57E+03 [fb]
Observed r-Value: 0.025385142197272142

---------------Analysis Label = CMS-SUS-12-028
-------------------Dataset Label = (UL)
-------------------Txname Labels = ['T1']
Analysis sqrts: 8.00E+00 [TeV]
Theory prediction: 6.62E-04 [pb]
Theory conditions:  None
Observed experimental limit: 3.16E+01 [fb]
Expected experimental limit: 1.97E+01 [fb]
Observed r-Value: 0.02092705726010051
Expected r-Value: 0.033556705741945275

---------------Analysis Label = ATLAS-SUSY-2013-11
-------------------Dataset Label = (UL)
-------------------Txname Labels = ['TChiWZ']
Analysis sqrts: 8.00E+00 [TeV]
Theory prediction: 1.85E-02 [pb]
Theory conditions:  None
Observed experimental limit: 9.25E+02 [fb]
Observed r-Value: 0.019969641221837222

---------------Analysis Label = CMS-SUS-16-043
-------------------Dataset Label = (UL)
-------------------Txname Labels = ['TChiWH']
Analysis sqrts: 1.30E+01 [TeV]
Theory prediction: 2.07E-01 [pb]
Theory conditions:  None
Observed experimental limit: 1.27E+04 [fb]
Observed r-Value: 0.01629365704720409

---------------Analysis Label = CMS-SUS-16-037
-------------------Dataset Label = (UL)
-------------------Txname Labels = ['T1tttt']
Analysis sqrts: 1.30E+01 [TeV]
Theory prediction: 3.50E-05 [pb]
Theory conditions:  None
Observed experimental limit: 4.44E+00 [fb]
Observed r-Value: 0.007870346846935815

---------------Analysis Label = CMS-SUS-16-050
-------------------Dataset Label = (UL)
-------------------Txname Labels = ['T1tttt']
Analysis sqrts: 1.30E+01 [TeV]
Theory prediction: 3.50E-05 [pb]
Theory conditions:  None
Observed experimental limit: 5.50E+00 [fb]
Expected experimental limit: 5.35E+00 [fb]
Observed r-Value: 0.006353922437448104
Expected r-Value: 0.006539875338362318

---------------Analysis Label = CMS-SUS-16-033
-------------------Dataset Label = (UL)
-------------------Txname Labels = ['T1tttt']
Analysis sqrts: 1.30E+01 [TeV]
Theory prediction: 3.50E-05 [pb]
Theory conditions:  None
Observed experimental limit: 6.84E+00 [fb]
Observed r-Value: 0.005109337435896018

---------------Analysis Label = CMS-SUS-16-036
-------------------Dataset Label = (UL)
-------------------Txname Labels = ['T1bbbb']
Analysis sqrts: 1.30E+01 [TeV]
Theory prediction: 1.54E-05 [pb]
Theory conditions:  None
Observed experimental limit: 3.36E+00 [fb]
Observed r-Value: 0.004572430178819626

---------------Analysis Label = CMS-SUS-16-042
-------------------Dataset Label = (UL)
-------------------Txname Labels = ['T1tttt']
Analysis sqrts: 1.30E+01 [TeV]
Theory prediction: 3.50E-05 [pb]
Theory conditions:  None
Observed experimental limit: 7.85E+00 [fb]
Observed r-Value: 0.004456034026160257

---------------Analysis Label = CMS-SUS-16-033
-------------------Dataset Label = (UL)
-------------------Txname Labels = ['T1bbbb']
Analysis sqrts: 1.30E+01 [TeV]
Theory prediction: 1.54E-05 [pb]
Theory conditions:  None
Observed experimental limit: 4.92E+00 [fb]
Observed r-Value: 0.0031214667681301687

---------------Analysis Label = CMS-SUS-16-036
-------------------Dataset Label = (UL)
-------------------Txname Labels = ['T1tttt']
Analysis sqrts: 1.30E+01 [TeV]
Theory prediction: 3.50E-05 [pb]
Theory conditions:  None
Observed experimental limit: 1.46E+01 [fb]
Observed r-Value: 0.0023995551419861523

---------------Analysis Label = CMS-SUS-16-051
-------------------Dataset Label = (UL)
-------------------Txname Labels = ['T2tt']
Analysis sqrts: 1.30E+01 [TeV]
Theory prediction: 1.00E-05 [pb]
Theory conditions:  None
Observed experimental limit: 4.98E+00 [fb]
Observed r-Value: 0.0020145286630658893

---------------Analysis Label = CMS-SUS-16-036
-------------------Dataset Label = (UL)
-------------------Txname Labels = ['T2tt']
Analysis sqrts: 1.30E+01 [TeV]
Theory prediction: 1.00E-05 [pb]
Theory conditions:  None
Observed experimental limit: 5.14E+00 [fb]
Observed r-Value: 0.001955264154279183

---------------Analysis Label = CMS-SUS-16-049
-------------------Dataset Label = (UL)
-------------------Txname Labels = ['T2tt']
Analysis sqrts: 1.30E+01 [TeV]
Theory prediction: 1.00E-05 [pb]
Theory conditions:  None
Observed experimental limit: 6.98E+00 [fb]
Observed r-Value: 0.0014381589472291202

---------------Analysis Label = CMS-SUS-16-050
-------------------Dataset Label = (UL)
-------------------Txname Labels = ['T2tt']
Analysis sqrts: 1.30E+01 [TeV]
Theory prediction: 1.00E-05 [pb]
Theory conditions:  None
Observed experimental limit: 7.17E+00 [fb]
Expected experimental limit: 4.77E+00 [fb]
Observed r-Value: 0.0014009013270383746
Expected r-Value: 0.0021067211070568393

---------------Analysis Label = CMS-SUS-16-041
-------------------Dataset Label = (UL)
-------------------Txname Labels = ['T1tttt']
Analysis sqrts: 1.30E+01 [TeV]
Theory prediction: 3.50E-05 [pb]
Theory conditions:  None
Observed experimental limit: 2.53E+01 [fb]
Observed r-Value: 0.0013805146795750356

---------------Analysis Label = CMS-SUS-16-035
-------------------Dataset Label = (UL)
-------------------Txname Labels = ['T1tttt']
Analysis sqrts: 1.30E+01 [TeV]
Theory prediction: 3.50E-05 [pb]
Theory conditions:  None
Observed experimental limit: 2.76E+01 [fb]
Observed r-Value: 0.0012653869106384944

---------------Analysis Label = CMS-SUS-16-033
-------------------Dataset Label = (UL)
-------------------Txname Labels = ['T2tt']
Analysis sqrts: 1.30E+01 [TeV]
Theory prediction: 1.00E-05 [pb]
Theory conditions:  None
Observed experimental limit: 1.07E+01 [fb]
Observed r-Value: 0.0009372348267138968

---------------Analysis Label = CMS-PAS-SUS-13-023
-------------------Dataset Label = (UL)
-------------------Txname Labels = ['T2tt']
Analysis sqrts: 8.00E+00 [TeV]
Theory prediction: 2.60E-06 [pb]
Theory conditions:  None
Observed experimental limit: 3.01E+00 [fb]
Observed r-Value: 0.0008615410763946105

---------------Analysis Label = CMS-SUS-14-010
-------------------Dataset Label = (UL)
-------------------Txname Labels = ['T1tttt']
Analysis sqrts: 8.00E+00 [TeV]
Theory prediction: 3.07E-06 [pb]
Theory conditions:  None
Observed experimental limit: 3.68E+00 [fb]
Expected experimental limit: 4.79E+00 [fb]
Observed r-Value: 0.0008346464911516686
Expected r-Value: 0.0006421397946929206

---------------Analysis Label = ATLAS-SUSY-2013-18
-------------------Dataset Label = (UL)
-------------------Txname Labels = ['T1tttt']
Analysis sqrts: 8.00E+00 [TeV]
Theory prediction: 3.07E-06 [pb]
Theory conditions:  None
Observed experimental limit: 3.78E+00 [fb]
Observed r-Value: 0.000813142641289161

---------------Analysis Label = CMS-SUS-13-004
-------------------Dataset Label = (UL)
-------------------Txname Labels = ['T2tt']
Analysis sqrts: 8.00E+00 [TeV]
Theory prediction: 2.60E-06 [pb]
Theory conditions:  None
Observed experimental limit: 3.30E+00 [fb]
Observed r-Value: 0.0007858848735666572

---------------Analysis Label = CMS-SUS-13-007
-------------------Dataset Label = (UL)
-------------------Txname Labels = ['T1tttt']
Analysis sqrts: 8.00E+00 [TeV]
Theory prediction: 3.07E-06 [pb]
Theory conditions:  None
Observed experimental limit: 4.11E+00 [fb]
Observed r-Value: 0.0007474900739477211

---------------Analysis Label = CMS-SUS-13-019
-------------------Dataset Label = (UL)
-------------------Txname Labels = ['T1bbbb']
Analysis sqrts: 8.00E+00 [TeV]
Theory prediction: 1.35E-06 [pb]
Theory conditions:  None
Observed experimental limit: 2.48E+00 [fb]
Observed r-Value: 0.0005452758555311557

---------------Analysis Label = ATLAS-SUSY-2013-18
-------------------Dataset Label = SR-0l-4j-B
-------------------Txname Labels = ['T1bbbb']
Analysis sqrts: 8.00E+00 [TeV]
Theory prediction: 1.20E-07 [pb]
Theory conditions:  None
Observed experimental limit: 3.32E-01 [fb]
Expected experimental limit: 2.07E-01 [fb]
Observed r-Value: 0.0003605433720006459
Expected r-Value: 0.000578850996974669
Chi2: 0.8359527858652527
Likelihood: 0.06116494927426977

---------------Analysis Label = ATLAS-CONF-2013-061
-------------------Dataset Label = (UL)
-------------------Txname Labels = ['T1bbbb']
Analysis sqrts: 8.00E+00 [TeV]
Theory prediction: 1.35E-06 [pb]
Theory conditions:  None
Observed experimental limit: 3.77E+00 [fb]
Observed r-Value: 0.00035786626579203566

---------------Analysis Label = CMS-SUS-17-001
-------------------Dataset Label = (UL)
-------------------Txname Labels = ['T2tt']
Analysis sqrts: 1.30E+01 [TeV]
Theory prediction: 1.00E-05 [pb]
Theory conditions:  None
Observed experimental limit: 2.96E+01 [fb]
Observed r-Value: 0.0003393675055524257

---------------Analysis Label = CMS-SUS-13-019
-------------------Dataset Label = (UL)
-------------------Txname Labels = ['T1tttt']
Analysis sqrts: 8.00E+00 [TeV]
Theory prediction: 3.07E-06 [pb]
Theory conditions:  None
Observed experimental limit: 9.13E+00 [fb]
Observed r-Value: 0.0003367091585328452

---------------Analysis Label = ATLAS-SUSY-2013-18
-------------------Dataset Label = (UL)
-------------------Txname Labels = ['T1bbbb']
Analysis sqrts: 8.00E+00 [TeV]
Theory prediction: 1.35E-06 [pb]
Theory conditions:  None
Observed experimental limit: 4.12E+00 [fb]
Observed r-Value: 0.00032801316099306777

---------------Analysis Label = CMS-PAS-SUS-16-022
-------------------Dataset Label = (UL)
-------------------Txname Labels = ['T1tttt']
Analysis sqrts: 1.30E+01 [TeV]
Theory prediction: 3.50E-05 [pb]
Theory conditions:  None
Observed experimental limit: 1.08E+02 [fb]
Expected experimental limit: 8.84E+01 [fb]
Observed r-Value: 0.000323230059993921
Expected r-Value: 0.000395350831091868

---------------Analysis Label = CMS-SUS-13-004
-------------------Dataset Label = (UL)
-------------------Txname Labels = ['T1bbbb']
Analysis sqrts: 8.00E+00 [TeV]
Theory prediction: 1.35E-06 [pb]
Theory conditions:  None
Observed experimental limit: 4.34E+00 [fb]
Observed r-Value: 0.0003112789498185614

---------------Analysis Label = CMS-SUS-12-024
-------------------Dataset Label = MET4_HT4_nb3
-------------------Txname Labels = ['T1bbbb', 'T1tttt']
Analysis sqrts: 8.00E+00 [TeV]
Theory prediction: 1.19E-07 [pb]
Theory conditions:  None
Observed experimental limit: 3.85E-01 [fb]
Expected experimental limit: 2.62E-01 [fb]
Observed r-Value: 0.0003083962903558479
Expected r-Value: 0.00045374927116979943
Chi2: 0.726730100642941
Likelihood: 0.046567181514044424

---------------Analysis Label = ATLAS-CONF-2013-061
-------------------Dataset Label = (UL)
-------------------Txname Labels = ['T1tttt']
Analysis sqrts: 8.00E+00 [TeV]
Theory prediction: 3.07E-06 [pb]
Theory conditions:  None
Observed experimental limit: 1.09E+01 [fb]
Observed r-Value: 0.00028249169936152676

---------------Analysis Label = ATLAS-SUSY-2013-04
-------------------Dataset Label = (UL)
-------------------Txname Labels = ['T1tttt']
Analysis sqrts: 8.00E+00 [TeV]
Theory prediction: 3.07E-06 [pb]
Theory conditions:  None
Observed experimental limit: 1.09E+01 [fb]
Observed r-Value: 0.00028160139111983766

---------------Analysis Label = CMS-SUS-13-019
-------------------Dataset Label = (UL)
-------------------Txname Labels = ['T2tt']
Analysis sqrts: 8.00E+00 [TeV]
Theory prediction: 2.60E-06 [pb]
Theory conditions:  None
Observed experimental limit: 9.37E+00 [fb]
Observed r-Value: 0.00027728601081677235

---------------Analysis Label = ATLAS-SUSY-2015-02
-------------------Dataset Label = SR2
-------------------Txname Labels = ['T2tt']
Analysis sqrts: 1.30E+01 [TeV]
Theory prediction: 3.25E-07 [pb]
Theory conditions:  None
Observed experimental limit: 1.26E+00 [fb]
Expected experimental limit: 1.26E+00 [fb]
Observed r-Value: 0.0002578866377323336
Expected r-Value: 0.0002578866377323336
Chi2: 0.015206781918259082
Likelihood: 0.5501162377656332

---------------Analysis Label = ATLAS-SUSY-2013-09
-------------------Dataset Label = (UL)
-------------------Txname Labels = ['T1tttt']
Analysis sqrts: 8.00E+00 [TeV]
Theory prediction: 3.07E-06 [pb]
Theory conditions:  None
Observed experimental limit: 1.36E+01 [fb]
Observed r-Value: 0.00022673136271901174

---------------Analysis Label = CMS-SUS-13-012
-------------------Dataset Label = (UL)
-------------------Txname Labels = ['T1tttt']
Analysis sqrts: 8.00E+00 [TeV]
Theory prediction: 3.07E-06 [pb]
Theory conditions:  None
Observed experimental limit: 1.66E+01 [fb]
Expected experimental limit: 1.12E+01 [fb]
Observed r-Value: 0.00018550200513189446
Expected r-Value: 0.0002749098609452224

---------------Analysis Label = CMS-SUS-13-004
-------------------Dataset Label = (UL)
-------------------Txname Labels = ['T1tttt']
Analysis sqrts: 8.00E+00 [TeV]
Theory prediction: 3.07E-06 [pb]
Theory conditions:  None
Observed experimental limit: 1.67E+01 [fb]
Observed r-Value: 0.00018360057057550678

---------------Analysis Label = CMS-SUS-13-002
-------------------Dataset Label = (UL)
-------------------Txname Labels = ['T1tttt']
Analysis sqrts: 8.00E+00 [TeV]
Theory prediction: 3.07E-06 [pb]
Theory conditions:  None
Observed experimental limit: 1.70E+01 [fb]
Expected experimental limit: 2.85E+04 [fb]
Observed r-Value: 0.00018039759601704792
Expected r-Value: 1.0799420354475194e-07

---------------Analysis Label = CMS-SUS-13-013
-------------------Dataset Label = (UL)
-------------------Txname Labels = ['T1tttt']
Analysis sqrts: 8.00E+00 [TeV]
Theory prediction: 3.07E-06 [pb]
Theory conditions:  None
Observed experimental limit: 1.76E+01 [fb]
Expected experimental limit: 1.90E+01 [fb]
Observed r-Value: 0.00017433537960034965
Expected r-Value: 0.00016219326675044686

---------------Analysis Label = ATLAS-CONF-2013-089
-------------------Dataset Label = (UL)
-------------------Txname Labels = ['T6WW']
Analysis sqrts: 8.00E+00 [TeV]
Theory prediction: 6.66E-03 [pb]
Theory conditions:  None
Observed experimental limit: 4.01E+04 [fb]
Observed r-Value: 0.0001660791103398041

---------------Analysis Label = CMS-SUS-13-013
-------------------Dataset Label = SR28_HighPt
-------------------Txname Labels = ['T1tttt']
Analysis sqrts: 8.00E+00 [TeV]
Theory prediction: 4.16E-08 [pb]
Theory conditions:  None
Observed experimental limit: 2.58E-01 [fb]
Expected experimental limit: 2.59E-01 [fb]
Observed r-Value: 0.00016170536662771774
Expected r-Value: 0.0001610798139521753
Chi2: 0.006572298674409005
Likelihood: 0.10977273124946735

---------------Analysis Label = CMS-SUS-12-028
-------------------Dataset Label = (UL)
-------------------Txname Labels = ['T1bbbb']
Analysis sqrts: 8.00E+00 [TeV]
Theory prediction: 1.35E-06 [pb]
Theory conditions:  None
Observed experimental limit: 9.52E+00 [fb]
Expected experimental limit: 7.13E+00 [fb]
Observed r-Value: 0.00014184154013618963
Expected r-Value: 0.00018951086741502795

---------------Analysis Label = ATLAS-CONF-2013-007
-------------------Dataset Label = (UL)
-------------------Txname Labels = ['T1tttt']
Analysis sqrts: 8.00E+00 [TeV]
Theory prediction: 3.07E-06 [pb]
Theory conditions:  None
Observed experimental limit: 2.19E+01 [fb]
Observed r-Value: 0.00014060746496216965

---------------Analysis Label = CMS-PAS-SUS-13-016
-------------------Dataset Label = sr0
-------------------Txname Labels = ['T1tttt']
Analysis sqrts: 8.00E+00 [TeV]
Theory prediction: 2.88E-08 [pb]
Theory conditions:  None
Observed experimental limit: 2.11E-01 [fb]
Expected experimental limit: 2.12E-01 [fb]
Observed r-Value: 0.00013671934778435746
Expected r-Value: 0.0001361386615502568
Chi2: 0.01712330843623011
Likelihood: 0.13866390723201363

---------------Analysis Label = CMS-SUS-13-007
-------------------Dataset Label = mu350Nb3
-------------------Txname Labels = ['T1tttt']
Analysis sqrts: 8.00E+00 [TeV]
Theory prediction: 2.07E-08 [pb]
Theory conditions:  None
Observed experimental limit: 1.55E-01 [fb]
Expected experimental limit: 1.55E-01 [fb]
Observed r-Value: 0.00013330947191128066
Expected r-Value: 0.00013348170637111437
Chi2: 1.1588822770817544
Likelihood: 0.3773394259512739

---------------Analysis Label = CMS-SUS-12-024
-------------------Dataset Label = (UL)
-------------------Txname Labels = ['T1tttt']
Analysis sqrts: 8.00E+00 [TeV]
Theory prediction: 3.07E-06 [pb]
Theory conditions:  None
Observed experimental limit: 2.60E+01 [fb]
Observed r-Value: 0.0001180272260504532

---------------Analysis Label = CMS-PAS-SUS-13-016
-------------------Dataset Label = (UL)
-------------------Txname Labels = ['T1tttt']
Analysis sqrts: 8.00E+00 [TeV]
Theory prediction: 3.07E-06 [pb]
Theory conditions:  None
Observed experimental limit: 3.04E+01 [fb]
Observed r-Value: 0.0001012419468701981

---------------Analysis Label = CMS-SUS-12-028
-------------------Dataset Label = (UL)
-------------------Txname Labels = ['T1tttt']
Analysis sqrts: 8.00E+00 [TeV]
Theory prediction: 3.07E-06 [pb]
Theory conditions:  None
Observed experimental limit: 3.61E+01 [fb]
Expected experimental limit: 2.64E+01 [fb]
Observed r-Value: 8.524434411228545e-05
Expected r-Value: 0.0001164805404925067

Total missing topology cross section (fb):  3.065E+03
Total cross section where we are outside the mass grid (fb):  1.499E+00
Total cross section with longlived decays (fb):  0.000E+00
Total cross section with displaced decays (fb):  0.000E+00
Total cross section with MET decays (fb):  3.065E+03

Full information on unconstrained cross sections
================================================================================
Missing topologies with the highest cross sections (up to 10):
Sqrts (TeV)   Weight (fb)                  Element description
 13.0          1.482E+02    #        [[[jet],[W]],[[jet,jet],[W]]]  (prompt,prompt)
 13.0          1.445E+02    # [[[jet,jet],[W]],[[jet],[jet,jet],[W]]]  (prompt,prompt)
 13.0          1.047E+02    #        [[[b,t],[W]],[[jet,jet],[W]]]  (prompt,prompt)
 13.0          8.754E+01    #            [[[jet]],[[jet,jet],[W]]]  (prompt,prompt)
 13.0          8.654E+01    # [[[jet,jet],[W]],[[jet,jet],[higgs]]]  (prompt,prompt)
 13.0          7.520E+01    #            [[[jet],[W]],[[b,t],[W]]]  (prompt,prompt)
 13.0          7.333E+01    #  [[[jet,jet],[W]],[[jet],[b,t],[W]]]  (prompt,prompt)
 13.0          7.333E+01    #  [[[b,t],[W]],[[jet],[jet,jet],[W]]]  (prompt,prompt)
 13.0          6.576E+01    #  [[[jet],[W]],[[jet],[jet,jet],[W]]]  (prompt,prompt)
 13.0          6.214E+01    #    [[[jet],[W]],[[jet,jet],[higgs]]]  (prompt,prompt)
================================================================================
Contributions outside the mass grid (up to 10):
Sqrts (TeV)   Weight (fb)                  Element description
 13.0          1.438E+00    #                [[[t],[W]],[[t],[W]]]  (prompt,prompt)
 13.0          2.921E-02    #                [[[b],[W]],[[b],[W]]]  (prompt,prompt)
 13.0          1.872E-02    #                    [[[W]],[[higgs]]]  (prompt,prompt)
 13.0          1.335E-02    #            [[[jet],[W]],[[jet],[W]]]  (prompt,prompt)
================================================================================
No long-lived decays
================================================================================
No displaced decays
================================================================================
Missing topos: MET decays (up to 10 entries), sqrts = 13 TeV:
Sqrts (TeV)   Weight (fb)                  Element description
 13.0          1.482E+02    #        [[[jet],[W]],[[jet,jet],[W]]]  (prompt,prompt)
 13.0          1.445E+02    # [[[jet,jet],[W]],[[jet],[jet,jet],[W]]]  (prompt,prompt)
 13.0          1.047E+02    #        [[[b,t],[W]],[[jet,jet],[W]]]  (prompt,prompt)
 13.0          8.754E+01    #            [[[jet]],[[jet,jet],[W]]]  (prompt,prompt)
 13.0          8.654E+01    # [[[jet,jet],[W]],[[jet,jet],[higgs]]]  (prompt,prompt)
 13.0          7.520E+01    #            [[[jet],[W]],[[b,t],[W]]]  (prompt,prompt)
 13.0          7.333E+01    #  [[[jet,jet],[W]],[[jet],[b,t],[W]]]  (prompt,prompt)
 13.0          7.333E+01    #  [[[b,t],[W]],[[jet],[jet,jet],[W]]]  (prompt,prompt)
 13.0          6.576E+01    #  [[[jet],[W]],[[jet],[jet,jet],[W]]]  (prompt,prompt)
 13.0          6.214E+01    #    [[[jet],[W]],[[jet,jet],[higgs]]]  (prompt,prompt)
================================================================================
