
 Decomposition Results: 
	  Total number of topologies: 23 
	  Total number of elements = 586 
		 3-th topology  =  [1][1] with total cross section = ['8.00E+00 [TeV]:3.64E-04 [pb] (1000025, 1000037)']
		 0-th element from 3-th topology  =  [[[W+]],[[Z]]] 
			with cross section = ['8.00E+00 [TeV]:3.64E-04 [pb] (1000025, 1000037)'] 
			and masses =  [[2.93E+02 [GeV], 6.81E+01 [GeV]], [2.66E+02 [GeV], 6.81E+01 [GeV]]]

 Loaded Database with 42 UL results and 19 EM results 

 Theory Predictions and Constraints:

 ATLAS-CONF-2013-007 
------------------------
Dataset =  None
TxNames =  ['T1tttt']
Prediction Mass =  [[5.77E+02 [GeV], 6.81E+01 [GeV]], [5.77E+02 [GeV], 6.81E+01 [GeV]]]
Prediction PIDs =  [[[1000021, 1000022], [1000021, 1000022]]]
Theory Prediction =  8.00E+00 [TeV]:6.70E-04 [pb] (None, None)
Condition Violation =  None
UL for theory prediction =  3.69E-02 [pb]
r =  1.82E-02 

 ATLAS-CONF-2013-061 
------------------------
Dataset =  None
TxNames =  ['T1bbbb']
Prediction Mass =  [[5.77E+02 [GeV], 6.81E+01 [GeV]], [5.77E+02 [GeV], 6.81E+01 [GeV]]]
Prediction PIDs =  [[[1000021, 1000022], [1000021, 1000022]]]
Theory Prediction =  8.00E+00 [TeV]:7.11E-03 [pb] (None, None)
Condition Violation =  None
UL for theory prediction =  3.01E-02 [pb]
r =  2.36E-01 
------------------------
Dataset =  None
TxNames =  ['T1tttt']
Prediction Mass =  [[5.77E+02 [GeV], 6.81E+01 [GeV]], [5.77E+02 [GeV], 6.81E+01 [GeV]]]
Prediction PIDs =  [[[1000021, 1000022], [1000021, 1000022]]]
Theory Prediction =  8.00E+00 [TeV]:6.70E-04 [pb] (None, None)
Condition Violation =  None
UL for theory prediction =  7.68E-02 [pb]
r =  8.73E-03 

 ATLAS-SUSY-2013-02 
------------------------
Dataset =  None
TxNames =  ['T1']
Prediction Mass =  [[1.35E+02 [GeV], 6.81E+01 [GeV]], [1.35E+02 [GeV], 6.81E+01 [GeV]]]
Prediction PIDs =  [[[1000023, 1000022], [1000024, 1000022]], [[1000023, 1000022], [-1000024, -1000022]], [[-1000024, -1000022], [1000024, 1000022]], [[1000024, 1000022], [-1000024, -1000022]], [[1000024, 1000022], [1000024, 1000022]], [[-1000024, -1000022], [-1000024, -1000022]], [[1000024, 1000022], [1000023, 1000022]], [[-1000024, -1000022], [1000023, 1000022]]]
Theory Prediction =  8.00E+00 [TeV]:1.53E+00 [pb] (None, None)
Condition Violation =  None
UL for theory prediction =  2.33E+04 [pb]
r =  6.56E-05 

 ATLAS-SUSY-2013-02 
------------------------
Dataset =  SR4jl-
TxNames =  ['T1']
Prediction Mass =  None
Prediction PIDs =  [[[1000023, 1000022], [1000024, 1000022]], [[1000023, 1000022], [-1000024, -1000022]], [[-1000024, -1000022], [1000024, 1000022]], [[1000024, 1000022], [-1000024, -1000022]], [[1000024, 1000022], [1000024, 1000022]], [[-1000024, -1000022], [-1000024, -1000022]], [[1000024, 1000022], [1000023, 1000022]], [[-1000024, -1000022], [1000023, 1000022]]]
Theory Prediction =  8.00E+00 [TeV]:6.31E-04 [pb] (None, None)
Condition Violation =  None
UL for theory prediction =  1.33E+01 [fb]
r =  4.75E-02 

 ATLAS-SUSY-2013-04 
------------------------
Dataset =  GtGrid_SR_8ej50_2ibjet
TxNames =  ['T1bbbb', 'T1tttt']
Prediction Mass =  [[5.77E+02 [GeV], 6.81E+01 [GeV]], [5.77E+02 [GeV], 6.81E+01 [GeV]]]
Prediction PIDs =  [[[1000021, 1000022], [1000021, 1000022]]]
Theory Prediction =  8.00E+00 [TeV]:4.80E-05 [pb] (None, None)
Condition Violation =  None
UL for theory prediction =  1.03E+00 [fb]
r =  4.66E-02 

 ATLAS-SUSY-2013-09 
------------------------
Dataset =  None
TxNames =  ['T1tttt']
Prediction Mass =  [[5.77E+02 [GeV], 6.81E+01 [GeV]], [5.77E+02 [GeV], 6.81E+01 [GeV]]]
Prediction PIDs =  [[[1000021, 1000022], [1000021, 1000022]]]
Theory Prediction =  8.00E+00 [TeV]:6.70E-04 [pb] (None, None)
Condition Violation =  None
UL for theory prediction =  2.90E-02 [pb]
r =  2.31E-02 

 ATLAS-SUSY-2013-12 
------------------------
Dataset =  None
TxNames =  ['TChiWZoff']
Prediction Mass =  [[1.35E+02 [GeV], 6.81E+01 [GeV]], [1.35E+02 [GeV], 6.81E+01 [GeV]]]
Prediction PIDs =  [[[1000023, 1000022], [1000024, 1000022]], [[1000023, 1000022], [-1000024, -1000022]], [[1000024, 1000022], [1000023, 1000022]], [[-1000024, -1000022], [1000023, 1000022]]]
Theory Prediction =  8.00E+00 [TeV]:1.40E+00 [pb] (None, None)
Condition Violation =  {'Cgtr([[[mu+,mu-]],[[l,nu]]],[[[e+,e-]],[[l,nu]]])': 0.00E+00 }
UL for theory prediction =  1.83E+00 [pb]
r =  7.66E-01 

 ATLAS-SUSY-2013-18 
------------------------
Dataset =  None
TxNames =  ['T1bbbb']
Prediction Mass =  [[5.77E+02 [GeV], 6.81E+01 [GeV]], [5.77E+02 [GeV], 6.81E+01 [GeV]]]
Prediction PIDs =  [[[1000021, 1000022], [1000021, 1000022]]]
Theory Prediction =  8.00E+00 [TeV]:7.11E-03 [pb] (None, None)
Condition Violation =  None
UL for theory prediction =  3.82E-02 [pb]
r =  1.86E-01 

 ATLAS-SUSY-2013-18 
------------------------
Dataset =  SR-0l-4j-B
TxNames =  ['T1bbbb']
Prediction Mass =  [[5.77E+02 [GeV], 6.81E+01 [GeV]], [5.77E+02 [GeV], 6.81E+01 [GeV]]]
Prediction PIDs =  [[[1000021, 1000022], [1000021, 1000022]]]
Theory Prediction =  8.00E+00 [TeV]:9.69E-05 [pb] (1000021, 1000021)
Condition Violation =  None
UL for theory prediction =  3.32E-01 [fb]
r =  2.92E-01 

 CMS-PAS-SUS-13-016 
------------------------
Dataset =  None
TxNames =  ['T1tttt']
Prediction Mass =  [[5.77E+02 [GeV], 6.81E+01 [GeV]], [5.77E+02 [GeV], 6.81E+01 [GeV]]]
Prediction PIDs =  [[[1000021, 1000022], [1000021, 1000022]]]
Theory Prediction =  8.00E+00 [TeV]:6.70E-04 [pb] (None, None)
Condition Violation =  None
UL for theory prediction =  9.10E-02 [pb]
r =  7.37E-03 

 CMS-PAS-SUS-13-016 
------------------------
Dataset =  sr0
TxNames =  ['T1tttt']
Prediction Mass =  [[5.77E+02 [GeV], 6.81E+01 [GeV]], [5.77E+02 [GeV], 6.81E+01 [GeV]]]
Prediction PIDs =  [[[1000021, 1000022], [1000021, 1000022]]]
Theory Prediction =  8.00E+00 [TeV]:2.55E-06 [pb] (1000021, 1000021)
Condition Violation =  None
UL for theory prediction =  2.11E-01 [fb]
r =  1.21E-02 

 CMS-SUS-12-024 
------------------------
Dataset =  None
TxNames =  ['T1tttt']
Prediction Mass =  [[5.77E+02 [GeV], 6.81E+01 [GeV]], [5.77E+02 [GeV], 6.81E+01 [GeV]]]
Prediction PIDs =  [[[1000021, 1000022], [1000021, 1000022]]]
Theory Prediction =  8.00E+00 [TeV]:6.70E-04 [pb] (None, None)
Condition Violation =  None
UL for theory prediction =  2.03E-01 [pb]
r =  3.30E-03 

 CMS-SUS-12-024 
------------------------
Dataset =  MET4_HT2_nb3
TxNames =  ['T1bbbb']
Prediction Mass =  [[5.77E+02 [GeV], 6.81E+01 [GeV]], [5.77E+02 [GeV], 6.81E+01 [GeV]]]
Prediction PIDs =  [[[1000021, 1000022], [1000021, 1000022]]]
Theory Prediction =  8.00E+00 [TeV]:1.54E-04 [pb] (1000021, 1000021)
Condition Violation =  None
UL for theory prediction =  2.62E-01 [fb]
r =  5.88E-01 

 CMS-SUS-12-028 
------------------------
Dataset =  None
TxNames =  ['T1tttt']
Prediction Mass =  [[5.77E+02 [GeV], 6.81E+01 [GeV]], [5.77E+02 [GeV], 6.81E+01 [GeV]]]
Prediction PIDs =  [[[1000021, 1000022], [1000021, 1000022]]]
Theory Prediction =  8.00E+00 [TeV]:6.70E-04 [pb] (None, None)
Condition Violation =  None
UL for theory prediction =  5.04E-01 [pb]
r =  1.33E-03 
------------------------
Dataset =  None
TxNames =  ['T1bbbb']
Prediction Mass =  [[5.77E+02 [GeV], 6.81E+01 [GeV]], [5.77E+02 [GeV], 6.81E+01 [GeV]]]
Prediction PIDs =  [[[1000021, 1000022], [1000021, 1000022]]]
Theory Prediction =  8.00E+00 [TeV]:7.11E-03 [pb] (None, None)
Condition Violation =  None
UL for theory prediction =  2.73E-02 [pb]
r =  2.61E-01 

 CMS-SUS-13-004 
------------------------
Dataset =  None
TxNames =  ['T1bbbb']
Prediction Mass =  [[5.77E+02 [GeV], 6.81E+01 [GeV]], [5.77E+02 [GeV], 6.81E+01 [GeV]]]
Prediction PIDs =  [[[1000021, 1000022], [1000021, 1000022]]]
Theory Prediction =  8.00E+00 [TeV]:7.11E-03 [pb] (None, None)
Condition Violation =  None
UL for theory prediction =  2.16E-02 [pb]
r =  3.29E-01 
------------------------
Dataset =  None
TxNames =  ['T1tttt']
Prediction Mass =  [[5.77E+02 [GeV], 6.81E+01 [GeV]], [5.77E+02 [GeV], 6.81E+01 [GeV]]]
Prediction PIDs =  [[[1000021, 1000022], [1000021, 1000022]]]
Theory Prediction =  8.00E+00 [TeV]:6.70E-04 [pb] (None, None)
Condition Violation =  None
UL for theory prediction =  1.40E-01 [pb]
r =  4.80E-03 

 CMS-SUS-13-006 
------------------------
Dataset =  None
TxNames =  ['TChiWZoff']
Prediction Mass =  [[1.35E+02 [GeV], 6.81E+01 [GeV]], [1.35E+02 [GeV], 6.81E+01 [GeV]]]
Prediction PIDs =  [[[1000023, 1000022], [1000024, 1000022]], [[1000023, 1000022], [-1000024, -1000022]], [[1000024, 1000022], [1000023, 1000022]], [[-1000024, -1000022], [1000023, 1000022]]]
Theory Prediction =  8.00E+00 [TeV]:1.40E+00 [pb] (None, None)
Condition Violation =  {'cGtr([[[mu+,mu-]],[[l,nu]]],[[[e+,e-]],[[l,nu]]])': 0.00E+00 }
UL for theory prediction =  1.17E+00 [pb]
r =  1.20E+00 

 CMS-SUS-13-007 
------------------------
Dataset =  None
TxNames =  ['T1tttt']
Prediction Mass =  [[5.77E+02 [GeV], 6.81E+01 [GeV]], [5.77E+02 [GeV], 6.81E+01 [GeV]]]
Prediction PIDs =  [[[1000021, 1000022], [1000021, 1000022]]]
Theory Prediction =  8.00E+00 [TeV]:6.70E-04 [pb] (None, None)
Condition Violation =  None
UL for theory prediction =  3.48E-02 [pb]
r =  1.93E-02 

 CMS-SUS-13-007 
------------------------
Dataset =  mu250Nb3
TxNames =  ['T1tttt']
Prediction Mass =  [[5.77E+02 [GeV], 6.81E+01 [GeV]], [5.77E+02 [GeV], 6.81E+01 [GeV]]]
Prediction PIDs =  [[[1000021, 1000022], [1000021, 1000022]]]
Theory Prediction =  8.00E+00 [TeV]:2.89E-06 [pb] (1000021, 1000021)
Condition Violation =  None
UL for theory prediction =  1.56E-01 [fb]
r =  1.86E-02 

 CMS-SUS-13-012 
------------------------
Dataset =  None
TxNames =  ['T1tttt']
Prediction Mass =  [[5.77E+02 [GeV], 6.81E+01 [GeV]], [5.77E+02 [GeV], 6.81E+01 [GeV]]]
Prediction PIDs =  [[[1000021, 1000022], [1000021, 1000022]]]
Theory Prediction =  8.00E+00 [TeV]:6.70E-04 [pb] (None, None)
Condition Violation =  None
UL for theory prediction =  9.91E-02 [pb]
r =  6.76E-03 

 CMS-SUS-13-012 
------------------------
Dataset =  6NJet8_800HT1000_300MHT450
TxNames =  ['T1bbbb', 'T1tttt']
Prediction Mass =  [[5.77E+02 [GeV], 6.81E+01 [GeV]], [5.77E+02 [GeV], 6.81E+01 [GeV]]]
Prediction PIDs =  [[[1000021, 1000022], [1000021, 1000022]]]
Theory Prediction =  8.00E+00 [TeV]:7.52E-05 [pb] (None, None)
Condition Violation =  None
UL for theory prediction =  1.22E+00 [fb]
r =  6.18E-02 

 CMS-SUS-13-013 
------------------------
Dataset =  None
TxNames =  ['T1tttt']
Prediction Mass =  [[5.77E+02 [GeV], 6.81E+01 [GeV]], [5.77E+02 [GeV], 6.81E+01 [GeV]]]
Prediction PIDs =  [[[1000021, 1000022], [1000021, 1000022]]]
Theory Prediction =  8.00E+00 [TeV]:6.70E-04 [pb] (None, None)
Condition Violation =  None
UL for theory prediction =  3.35E-02 [pb]
r =  2.00E-02 

 CMS-SUS-13-013 
------------------------
Dataset =  SR28_HighPt
TxNames =  ['T1tttt']
Prediction Mass =  [[5.77E+02 [GeV], 6.81E+01 [GeV]], [5.77E+02 [GeV], 6.81E+01 [GeV]]]
Prediction PIDs =  [[[1000021, 1000022], [1000021, 1000022]]]
Theory Prediction =  8.00E+00 [TeV]:4.71E-06 [pb] (1000021, 1000021)
Condition Violation =  None
UL for theory prediction =  2.60E-01 [fb]
r =  1.81E-02 

 CMS-SUS-13-019 
------------------------
Dataset =  None
TxNames =  ['T1bbbb']
Prediction Mass =  [[5.77E+02 [GeV], 6.81E+01 [GeV]], [5.77E+02 [GeV], 6.81E+01 [GeV]]]
Prediction PIDs =  [[[1000021, 1000022], [1000021, 1000022]]]
Theory Prediction =  8.00E+00 [TeV]:7.11E-03 [pb] (None, None)
Condition Violation =  None
UL for theory prediction =  9.26E-03 [pb]
r =  7.68E-01 
------------------------
Dataset =  None
TxNames =  ['T1tttt']
Prediction Mass =  [[5.77E+02 [GeV], 6.81E+01 [GeV]], [5.77E+02 [GeV], 6.81E+01 [GeV]]]
Prediction PIDs =  [[[1000021, 1000022], [1000021, 1000022]]]
Theory Prediction =  8.00E+00 [TeV]:6.70E-04 [pb] (None, None)
Condition Violation =  None
UL for theory prediction =  7.62E-02 [pb]
r =  8.80E-03 

 CMS-SUS-14-010 
------------------------
Dataset =  None
TxNames =  ['T1tttt']
Prediction Mass =  [[5.77E+02 [GeV], 6.81E+01 [GeV]], [5.77E+02 [GeV], 6.81E+01 [GeV]]]
Prediction PIDs =  [[[1000021, 1000022], [1000021, 1000022]]]
Theory Prediction =  8.00E+00 [TeV]:6.70E-04 [pb] (None, None)
Condition Violation =  None
UL for theory prediction =  1.75E-02 [pb]
r =  3.82E-02 

The largest r-value (theory/upper limit ratio) is  1.20E+00 
(The input model is likely excluded by CMS-SUS-13-006)
