This file contains any messages produced by compilers while
running configure, to aid debugging if configure makes a mistake.

It was created by LHAPDF configure 6.3.0, which was
generated by GNU Autoconf 2.69.  Invocation command line was

  $ ./configure --prefix=/home/supersymmetry/Documents/lpsc/test/smodels/smodels/lib/resummino/lhapdf --disable-python

## --------- ##
## Platform. ##
## --------- ##

hostname = calculator
uname -m = x86_64
uname -r = 5.19.0-45-generic
uname -s = Linux
uname -v = #46~22.04.1-Ubuntu SMP PREEMPT_DYNAMIC Wed Jun 7 15:06:04 UTC 20

/usr/bin/uname -p = x86_64
/bin/uname -X     = unknown

/bin/arch              = x86_64
/usr/bin/arch -k       = unknown
/usr/convex/getsysinfo = unknown
/usr/bin/hostinfo      = unknown
/bin/machine           = unknown
/usr/bin/oslevel       = unknown
/bin/universe          = unknown

PATH: /home/supersymmetry/.local/bin
PATH: /usr/local/sbin
PATH: /usr/local/bin
PATH: /usr/sbin
PATH: /usr/bin
PATH: /sbin
PATH: /bin
PATH: /usr/games
PATH: /usr/local/games
PATH: /snap/bin
PATH: /snap/bin


## ----------- ##
## Core tests. ##
## ----------- ##

configure:2427: checking for a BSD-compatible install
configure:2495: result: /usr/bin/install -c
configure:2506: checking whether build environment is sane
configure:2561: result: yes
configure:2712: checking for a thread-safe mkdir -p
configure:2751: result: /usr/bin/mkdir -p
configure:2758: checking for gawk
configure:2788: result: no
configure:2758: checking for mawk
configure:2774: found /usr/bin/mawk
configure:2785: result: mawk
configure:2796: checking whether make sets $(MAKE)
configure:2818: result: yes
configure:2847: checking whether make supports nested variables
configure:2864: result: yes
configure:3001: checking whether make supports nested variables
configure:3018: result: yes
configure:3092: checking for sw_vers
configure:3122: result: no
configure:3198: checking for style of include used by make
configure:3226: result: GNU
configure:3252: checking whether to compile using MPI
configure:3259: result: no
configure:3426: checking for g++
configure:3442: found /usr/bin/g++
configure:3453: result: g++
configure:3480: checking for C++ compiler version
configure:3489: g++ --version >&5
g++ (Ubuntu 11.3.0-1ubuntu1~22.04.1) 11.3.0
Copyright (C) 2021 Free Software Foundation, Inc.
This is free software; see the source for copying conditions.  There is NO
warranty; not even for MERCHANTABILITY or FITNESS FOR A PARTICULAR PURPOSE.

configure:3500: $? = 0
configure:3489: g++ -v >&5
Using built-in specs.
COLLECT_GCC=g++
COLLECT_LTO_WRAPPER=/usr/lib/gcc/x86_64-linux-gnu/11/lto-wrapper
OFFLOAD_TARGET_NAMES=nvptx-none:amdgcn-amdhsa
OFFLOAD_TARGET_DEFAULT=1
Target: x86_64-linux-gnu
Configured with: ../src/configure -v --with-pkgversion='Ubuntu 11.3.0-1ubuntu1~22.04.1' --with-bugurl=file:///usr/share/doc/gcc-11/README.Bugs --enable-languages=c,ada,c++,go,brig,d,fortran,objc,obj-c++,m2 --prefix=/usr --with-gcc-major-version-only --program-suffix=-11 --program-prefix=x86_64-linux-gnu- --enable-shared --enable-linker-build-id --libexecdir=/usr/lib --without-included-gettext --enable-threads=posix --libdir=/usr/lib --enable-nls --enable-bootstrap --enable-clocale=gnu --enable-libstdcxx-debug --enable-libstdcxx-time=yes --with-default-libstdcxx-abi=new --enable-gnu-unique-object --disable-vtable-verify --enable-plugin --enable-default-pie --with-system-zlib --enable-libphobos-checking=release --with-target-system-zlib=auto --enable-objc-gc=auto --enable-multiarch --disable-werror --enable-cet --with-arch-32=i686 --with-abi=m64 --with-multilib-list=m32,m64,mx32 --enable-multilib --with-tune=generic --enable-offload-targets=nvptx-none=/build/gcc-11-aYxV0E/gcc-11-11.3.0/debian/tmp-nvptx/usr,amdgcn-amdhsa=/build/gcc-11-aYxV0E/gcc-11-11.3.0/debian/tmp-gcn/usr --without-cuda-driver --enable-checking=release --build=x86_64-linux-gnu --host=x86_64-linux-gnu --target=x86_64-linux-gnu --with-build-config=bootstrap-lto-lean --enable-link-serialization=2
Thread model: posix
Supported LTO compression algorithms: zlib zstd
gcc version 11.3.0 (Ubuntu 11.3.0-1ubuntu1~22.04.1) 
... rest of stderr output deleted ...
configure:3500: $? = 0
configure:3489: g++ -V >&5
g++: error: unrecognized command-line option '-V'
g++: fatal error: no input files
compilation terminated.
configure:3500: $? = 1
configure:3489: g++ -qversion >&5
g++: error: unrecognized command-line option '-qversion'; did you mean '--version'?
g++: fatal error: no input files
compilation terminated.
configure:3500: $? = 1
configure:3520: checking whether the C++ compiler works
configure:3542: g++ -O3   conftest.cpp  >&5
configure:3546: $? = 0
configure:3594: result: yes
configure:3597: checking for C++ compiler default output file name
configure:3599: result: a.out
configure:3605: checking for suffix of executables
configure:3612: g++ -o conftest -O3   conftest.cpp  >&5
configure:3616: $? = 0
configure:3638: result: 
configure:3660: checking whether we are cross compiling
configure:3668: g++ -o conftest -O3   conftest.cpp  >&5
configure:3672: $? = 0
configure:3679: ./conftest
configure:3683: $? = 0
configure:3698: result: no
configure:3703: checking for suffix of object files
configure:3725: g++ -c -O3  conftest.cpp >&5
configure:3729: $? = 0
configure:3750: result: o
configure:3754: checking whether we are using the GNU C++ compiler
configure:3773: g++ -c -O3  conftest.cpp >&5
configure:3773: $? = 0
configure:3782: result: yes
configure:3791: checking whether g++ accepts -g
configure:3811: g++ -c -g  conftest.cpp >&5
configure:3811: $? = 0
configure:3852: result: yes
configure:3877: checking dependency style of g++
configure:3988: result: gcc3
configure:4149: checking whether g++ supports C++11 features by default
configure:4443: g++ -c -O3  conftest.cpp >&5
configure:4443: $? = 0
configure:4450: result: yes
configure:4858: checking for gcc
configure:4874: found /usr/bin/gcc
configure:4885: result: gcc
configure:5114: checking for C compiler version
configure:5123: gcc --version >&5
gcc (Ubuntu 11.3.0-1ubuntu1~22.04.1) 11.3.0
Copyright (C) 2021 Free Software Foundation, Inc.
This is free software; see the source for copying conditions.  There is NO
warranty; not even for MERCHANTABILITY or FITNESS FOR A PARTICULAR PURPOSE.

configure:5134: $? = 0
configure:5123: gcc -v >&5
Using built-in specs.
COLLECT_GCC=gcc
COLLECT_LTO_WRAPPER=/usr/lib/gcc/x86_64-linux-gnu/11/lto-wrapper
OFFLOAD_TARGET_NAMES=nvptx-none:amdgcn-amdhsa
OFFLOAD_TARGET_DEFAULT=1
Target: x86_64-linux-gnu
Configured with: ../src/configure -v --with-pkgversion='Ubuntu 11.3.0-1ubuntu1~22.04.1' --with-bugurl=file:///usr/share/doc/gcc-11/README.Bugs --enable-languages=c,ada,c++,go,brig,d,fortran,objc,obj-c++,m2 --prefix=/usr --with-gcc-major-version-only --program-suffix=-11 --program-prefix=x86_64-linux-gnu- --enable-shared --enable-linker-build-id --libexecdir=/usr/lib --without-included-gettext --enable-threads=posix --libdir=/usr/lib --enable-nls --enable-bootstrap --enable-clocale=gnu --enable-libstdcxx-debug --enable-libstdcxx-time=yes --with-default-libstdcxx-abi=new --enable-gnu-unique-object --disable-vtable-verify --enable-plugin --enable-default-pie --with-system-zlib --enable-libphobos-checking=release --with-target-system-zlib=auto --enable-objc-gc=auto --enable-multiarch --disable-werror --enable-cet --with-arch-32=i686 --with-abi=m64 --with-multilib-list=m32,m64,mx32 --enable-multilib --with-tune=generic --enable-offload-targets=nvptx-none=/build/gcc-11-aYxV0E/gcc-11-11.3.0/debian/tmp-nvptx/usr,amdgcn-amdhsa=/build/gcc-11-aYxV0E/gcc-11-11.3.0/debian/tmp-gcn/usr --without-cuda-driver --enable-checking=release --build=x86_64-linux-gnu --host=x86_64-linux-gnu --target=x86_64-linux-gnu --with-build-config=bootstrap-lto-lean --enable-link-serialization=2
Thread model: posix
Supported LTO compression algorithms: zlib zstd
gcc version 11.3.0 (Ubuntu 11.3.0-1ubuntu1~22.04.1) 
... rest of stderr output deleted ...
configure:5134: $? = 0
configure:5123: gcc -V >&5
gcc: error: unrecognized command-line option '-V'
gcc: fatal error: no input files
compilation terminated.
configure:5134: $? = 1
configure:5123: gcc -qversion >&5
gcc: error: unrecognized command-line option '-qversion'; did you mean '--version'?
gcc: fatal error: no input files
compilation terminated.
configure:5134: $? = 1
configure:5138: checking whether we are using the GNU C compiler
configure:5157: gcc -c   conftest.c >&5
configure:5157: $? = 0
configure:5166: result: yes
configure:5175: checking whether gcc accepts -g
configure:5195: gcc -c -g  conftest.c >&5
configure:5195: $? = 0
configure:5236: result: yes
configure:5253: checking for gcc option to accept ISO C89
configure:5316: gcc  -c -g -O2  conftest.c >&5
configure:5316: $? = 0
configure:5329: result: none needed
configure:5354: checking whether gcc understands -c and -o together
configure:5376: gcc -c conftest.c -o conftest2.o
configure:5379: $? = 0
configure:5376: gcc -c conftest.c -o conftest2.o
configure:5379: $? = 0
configure:5391: result: yes
configure:5410: checking dependency style of gcc
configure:5521: result: gcc3
configure:5537: checking whether ln -s works
configure:5541: result: yes
configure:5577: checking build system type
configure:5591: result: x86_64-pc-linux-gnu
configure:5611: checking host system type
configure:5624: result: x86_64-pc-linux-gnu
configure:5665: checking how to print strings
configure:5692: result: printf
configure:5713: checking for a sed that does not truncate output
configure:5777: result: /usr/bin/sed
configure:5795: checking for grep that handles long lines and -e
configure:5853: result: /usr/bin/grep
configure:5858: checking for egrep
configure:5920: result: /usr/bin/grep -E
configure:5925: checking for fgrep
configure:5987: result: /usr/bin/grep -F
configure:6022: checking for ld used by gcc
configure:6089: result: /usr/bin/ld
configure:6096: checking if the linker (/usr/bin/ld) is GNU ld
configure:6111: result: yes
configure:6123: checking for BSD- or MS-compatible name lister (nm)
configure:6177: result: /usr/bin/nm -B
configure:6307: checking the name lister (/usr/bin/nm -B) interface
configure:6314: g++ -c -O3  conftest.cpp >&5
configure:6317: /usr/bin/nm -B "conftest.o"
configure:6320: output
0000000000000000 B some_variable
configure:6327: result: BSD nm
configure:6331: checking the maximum length of command line arguments
configure:6462: result: 1572864
configure:6510: checking how to convert x86_64-pc-linux-gnu file names to x86_64-pc-linux-gnu format
configure:6550: result: func_convert_file_noop
configure:6557: checking how to convert x86_64-pc-linux-gnu file names to toolchain format
configure:6577: result: func_convert_file_noop
configure:6584: checking for /usr/bin/ld option to reload object files
configure:6591: result: -r
configure:6665: checking for objdump
configure:6681: found /usr/bin/objdump
configure:6692: result: objdump
configure:6724: checking how to recognize dependent libraries
configure:6924: result: pass_all
configure:7009: checking for dlltool
configure:7039: result: no
configure:7069: checking how to associate runtime and link libraries
configure:7096: result: printf %s\n
configure:7156: checking for ar
configure:7172: found /usr/bin/ar
configure:7183: result: ar
configure:7220: checking for archiver @FILE support
configure:7237: g++ -c -O3  conftest.cpp >&5
configure:7237: $? = 0
configure:7240: ar cru libconftest.a @conftest.lst >&5
ar: `u' modifier ignored since `D' is the default (see `U')
configure:7243: $? = 0
configure:7248: ar cru libconftest.a @conftest.lst >&5
ar: `u' modifier ignored since `D' is the default (see `U')
ar: conftest.o: No such file or directory
configure:7251: $? = 1
configure:7263: result: @
configure:7321: checking for strip
configure:7337: found /usr/bin/strip
configure:7348: result: strip
configure:7420: checking for ranlib
configure:7436: found /usr/bin/ranlib
configure:7447: result: ranlib
configure:7549: checking command to parse /usr/bin/nm -B output from gcc object
configure:7702: g++ -c -O3  conftest.cpp >&5
configure:7705: $? = 0
configure:7709: /usr/bin/nm -B conftest.o \| sed -n -e 's/^.*[ ]\([ABCDGIRSTW][ABCDGIRSTW]*\)[ ][ ]*\([_A-Za-z][_A-Za-z0-9]*\)$/\1 \2 \2/p' | sed '/ __gnu_lto/d' \> conftest.nm
configure:7712: $? = 0
configure:7778: g++ -o conftest -O3   conftest.cpp conftstm.o >&5
configure:7781: $? = 0
configure:7819: result: ok
configure:7866: checking for sysroot
configure:7896: result: no
configure:7903: checking for a working dd
configure:7941: result: /usr/bin/dd
configure:7945: checking how to truncate binary pipes
configure:7960: result: /usr/bin/dd bs=4096 count=1
configure:8097: g++ -c -O3  conftest.cpp >&5
configure:8100: $? = 0
configure:8290: checking for mt
configure:8306: found /usr/bin/mt
configure:8317: result: mt
configure:8340: checking if mt is a manifest tool
configure:8346: mt '-?'
configure:8354: result: no
configure:9031: checking how to run the C preprocessor
configure:9062: gcc -E  conftest.c
configure:9062: $? = 0
configure:9076: gcc -E  conftest.c
conftest.c:14:10: fatal error: ac_nonexistent.h: No such file or directory
   14 | #include <ac_nonexistent.h>
      |          ^~~~~~~~~~~~~~~~~~
compilation terminated.
configure:9076: $? = 1
configure: failed program was:
| /* confdefs.h */
| #define PACKAGE_NAME "LHAPDF"
| #define PACKAGE_TARNAME "LHAPDF"
| #define PACKAGE_VERSION "6.3.0"
| #define PACKAGE_STRING "LHAPDF 6.3.0"
| #define PACKAGE_BUGREPORT "lhapdf-support@cern.ch"
| #define PACKAGE_URL ""
| #define PACKAGE "LHAPDF"
| #define VERSION "6.3.0"
| #define LHAPDF_VERSION "6.3.0"
| #define LHAPDF_VERSION_CODE 60300
| #define HAVE_CXX11 1
| /* end confdefs.h.  */
| #include <ac_nonexistent.h>
configure:9101: result: gcc -E
configure:9121: gcc -E  conftest.c
configure:9121: $? = 0
configure:9135: gcc -E  conftest.c
conftest.c:14:10: fatal error: ac_nonexistent.h: No such file or directory
   14 | #include <ac_nonexistent.h>
      |          ^~~~~~~~~~~~~~~~~~
compilation terminated.
configure:9135: $? = 1
configure: failed program was:
| /* confdefs.h */
| #define PACKAGE_NAME "LHAPDF"
| #define PACKAGE_TARNAME "LHAPDF"
| #define PACKAGE_VERSION "6.3.0"
| #define PACKAGE_STRING "LHAPDF 6.3.0"
| #define PACKAGE_BUGREPORT "lhapdf-support@cern.ch"
| #define PACKAGE_URL ""
| #define PACKAGE "LHAPDF"
| #define VERSION "6.3.0"
| #define LHAPDF_VERSION "6.3.0"
| #define LHAPDF_VERSION_CODE 60300
| #define HAVE_CXX11 1
| /* end confdefs.h.  */
| #include <ac_nonexistent.h>
configure:9164: checking for ANSI C header files
configure:9184: gcc -c -g -O2  conftest.c >&5
configure:9184: $? = 0
configure:9257: gcc -o conftest -g -O2   conftest.c  >&5
configure:9257: $? = 0
configure:9257: ./conftest
configure:9257: $? = 0
configure:9268: result: yes
configure:9281: checking for sys/types.h
configure:9281: gcc -c -g -O2  conftest.c >&5
configure:9281: $? = 0
configure:9281: result: yes
configure:9281: checking for sys/stat.h
configure:9281: gcc -c -g -O2  conftest.c >&5
configure:9281: $? = 0
configure:9281: result: yes
configure:9281: checking for stdlib.h
configure:9281: gcc -c -g -O2  conftest.c >&5
configure:9281: $? = 0
configure:9281: result: yes
configure:9281: checking for string.h
configure:9281: gcc -c -g -O2  conftest.c >&5
configure:9281: $? = 0
configure:9281: result: yes
configure:9281: checking for memory.h
configure:9281: gcc -c -g -O2  conftest.c >&5
configure:9281: $? = 0
configure:9281: result: yes
configure:9281: checking for strings.h
configure:9281: gcc -c -g -O2  conftest.c >&5
configure:9281: $? = 0
configure:9281: result: yes
configure:9281: checking for inttypes.h
configure:9281: gcc -c -g -O2  conftest.c >&5
configure:9281: $? = 0
configure:9281: result: yes
configure:9281: checking for stdint.h
configure:9281: gcc -c -g -O2  conftest.c >&5
configure:9281: $? = 0
configure:9281: result: yes
configure:9281: checking for unistd.h
configure:9281: gcc -c -g -O2  conftest.c >&5
configure:9281: $? = 0
configure:9281: result: yes
configure:9295: checking for dlfcn.h
configure:9295: gcc -c -g -O2  conftest.c >&5
configure:9295: $? = 0
configure:9295: result: yes
configure:9561: checking for objdir
configure:9576: result: .libs
configure:9840: checking if gcc supports -fno-rtti -fno-exceptions
configure:9858: gcc -c -g -O2  -fno-rtti -fno-exceptions conftest.c >&5
cc1: warning: command-line option '-fno-rtti' is valid for C++/D/ObjC++ but not for C
configure:9862: $? = 0
configure:9875: result: no
configure:10233: checking for gcc option to produce PIC
configure:10240: result: -fPIC -DPIC
configure:10248: checking if gcc PIC flag -fPIC -DPIC works
configure:10266: gcc -c -g -O2  -fPIC -DPIC -DPIC conftest.c >&5
configure:10270: $? = 0
configure:10283: result: yes
configure:10312: checking if gcc static flag -static works
configure:10340: result: yes
configure:10355: checking if gcc supports -c -o file.o
configure:10376: gcc -c -g -O2  -o out/conftest2.o conftest.c >&5
configure:10380: $? = 0
configure:10402: result: yes
configure:10410: checking if gcc supports -c -o file.o
configure:10457: result: yes
configure:10490: checking whether the gcc linker (/usr/bin/ld -m elf_x86_64) supports shared libraries
configure:11753: result: yes
configure:11790: checking whether -lc should be explicitly linked in
configure:11798: gcc -c -g -O2  conftest.c >&5
configure:11801: $? = 0
configure:11816: gcc -shared  -fPIC -DPIC conftest.o  -v -Wl,-soname -Wl,conftest -o conftest 2\>\&1 \| /usr/bin/grep  -lc  \>/dev/null 2\>\&1
configure:11819: $? = 0
configure:11833: result: no
configure:11993: checking dynamic linker characteristics
configure:12574: gcc -o conftest -g -O2   -Wl,-rpath -Wl,/foo conftest.c  >&5
configure:12574: $? = 0
configure:12823: result: GNU/Linux ld.so
configure:12945: checking how to hardcode library paths into programs
configure:12970: result: immediate
configure:13518: checking whether stripping libraries is possible
configure:13523: result: yes
configure:13558: checking if libtool supports shared libraries
configure:13560: result: yes
configure:13563: checking whether to build shared libraries
configure:13588: result: yes
configure:13591: checking whether to build static libraries
configure:13595: result: yes
configure:13618: checking how to run the C++ preprocessor
configure:13645: g++ -E  conftest.cpp
configure:13645: $? = 0
configure:13659: g++ -E  conftest.cpp
conftest.cpp:26:10: fatal error: ac_nonexistent.h: No such file or directory
   26 | #include <ac_nonexistent.h>
      |          ^~~~~~~~~~~~~~~~~~
compilation terminated.
configure:13659: $? = 1
configure: failed program was:
| /* confdefs.h */
| #define PACKAGE_NAME "LHAPDF"
| #define PACKAGE_TARNAME "LHAPDF"
| #define PACKAGE_VERSION "6.3.0"
| #define PACKAGE_STRING "LHAPDF 6.3.0"
| #define PACKAGE_BUGREPORT "lhapdf-support@cern.ch"
| #define PACKAGE_URL ""
| #define PACKAGE "LHAPDF"
| #define VERSION "6.3.0"
| #define LHAPDF_VERSION "6.3.0"
| #define LHAPDF_VERSION_CODE 60300
| #define HAVE_CXX11 1
| #define STDC_HEADERS 1
| #define HAVE_SYS_TYPES_H 1
| #define HAVE_SYS_STAT_H 1
| #define HAVE_STDLIB_H 1
| #define HAVE_STRING_H 1
| #define HAVE_MEMORY_H 1
| #define HAVE_STRINGS_H 1
| #define HAVE_INTTYPES_H 1
| #define HAVE_STDINT_H 1
| #define HAVE_UNISTD_H 1
| #define HAVE_DLFCN_H 1
| #define LT_OBJDIR ".libs/"
| /* end confdefs.h.  */
| #include <ac_nonexistent.h>
configure:13684: result: g++ -E
configure:13704: g++ -E  conftest.cpp
configure:13704: $? = 0
configure:13718: g++ -E  conftest.cpp
conftest.cpp:26:10: fatal error: ac_nonexistent.h: No such file or directory
   26 | #include <ac_nonexistent.h>
      |          ^~~~~~~~~~~~~~~~~~
compilation terminated.
configure:13718: $? = 1
configure: failed program was:
| /* confdefs.h */
| #define PACKAGE_NAME "LHAPDF"
| #define PACKAGE_TARNAME "LHAPDF"
| #define PACKAGE_VERSION "6.3.0"
| #define PACKAGE_STRING "LHAPDF 6.3.0"
| #define PACKAGE_BUGREPORT "lhapdf-support@cern.ch"
| #define PACKAGE_URL ""
| #define PACKAGE "LHAPDF"
| #define VERSION "6.3.0"
| #define LHAPDF_VERSION "6.3.0"
| #define LHAPDF_VERSION_CODE 60300
| #define HAVE_CXX11 1
| #define STDC_HEADERS 1
| #define HAVE_SYS_TYPES_H 1
| #define HAVE_SYS_STAT_H 1
| #define HAVE_STDLIB_H 1
| #define HAVE_STRING_H 1
| #define HAVE_MEMORY_H 1
| #define HAVE_STRINGS_H 1
| #define HAVE_INTTYPES_H 1
| #define HAVE_STDINT_H 1
| #define HAVE_UNISTD_H 1
| #define HAVE_DLFCN_H 1
| #define LT_OBJDIR ".libs/"
| /* end confdefs.h.  */
| #include <ac_nonexistent.h>
configure:13880: checking for ld used by g++
configure:13947: result: /usr/bin/ld -m elf_x86_64
configure:13954: checking if the linker (/usr/bin/ld -m elf_x86_64) is GNU ld
configure:13969: result: yes
configure:14024: checking whether the g++ linker (/usr/bin/ld -m elf_x86_64) supports shared libraries
configure:15097: result: yes
configure:15133: g++ -c -O3  conftest.cpp >&5
configure:15136: $? = 0
configure:15617: checking for g++ option to produce PIC
configure:15624: result: -fPIC -DPIC
configure:15632: checking if g++ PIC flag -fPIC -DPIC works
configure:15650: g++ -c -O3  -fPIC -DPIC -DPIC conftest.cpp >&5
configure:15654: $? = 0
configure:15667: result: yes
configure:15690: checking if g++ static flag -static works
configure:15718: result: yes
configure:15730: checking if g++ supports -c -o file.o
configure:15751: g++ -c -O3  -o out/conftest2.o conftest.cpp >&5
configure:15755: $? = 0
configure:15777: result: yes
configure:15782: checking if g++ supports -c -o file.o
configure:15829: result: yes
configure:15859: checking whether the g++ linker (/usr/bin/ld -m elf_x86_64) supports shared libraries
configure:15902: result: yes
configure:16043: checking dynamic linker characteristics
configure:16800: result: GNU/Linux ld.so
configure:16865: checking how to hardcode library paths into programs
configure:16890: result: immediate
configure:16969: Building LHAGLUE Fortran wrappers
configure:16972: Building LHAGLUE C++ wrappers
configure:17015: checking for pdflatex
configure:17048: result: no
configure:17066: checking for doxygen
configure:17099: result: no
configure:17457: checking if the g++ compiler accepts the -pedantic flag
configure:17473: result: yes
configure:17496: checking if the g++ compiler accepts the -Wall flag
configure:17512: result: yes
configure:17535: checking if the g++ compiler accepts the -Wno-long-long flag
configure:17551: result: yes
configure:17574: checking if the g++ compiler accepts the -Qunused-arguments flag
configure:17590: result: no
configure:17747: checking that generated files are newer than configure
configure:17753: result: done
configure:17812: creating ./config.status

## ---------------------- ##
## Running config.status. ##
## ---------------------- ##

This file was extended by LHAPDF config.status 6.3.0, which was
generated by GNU Autoconf 2.69.  Invocation command line was

  CONFIG_FILES    = 
  CONFIG_HEADERS  = 
  CONFIG_LINKS    = 
  CONFIG_COMMANDS = 
  $ ./config.status 

on calculator

config.status:1203: creating Makefile
config.status:1203: creating src/Makefile
config.status:1203: creating src/yamlcpp/Makefile
config.status:1203: creating include/Makefile
config.status:1203: creating include/LHAPDF/Makefile
config.status:1203: creating bin/Makefile
config.status:1203: creating bin/lhapdf-config
config.status:1203: creating examples/Makefile
config.status:1203: creating tests/Makefile
config.status:1203: creating doc/Makefile
config.status:1203: creating doc/Doxyfile
config.status:1203: creating lhapdf.pc
config.status:1203: creating wrappers/Makefile
config.status:1203: creating wrappers/python/Makefile
config.status:1203: creating wrappers/python/setup.py
config.status:1203: creating config/config.h
config.status:1203: creating include/LHAPDF/Version.h
config.status:1384: include/LHAPDF/Version.h is unchanged
config.status:1432: executing depfiles commands
config.status:1432: executing libtool commands

## ---------------- ##
## Cache variables. ##
## ---------------- ##

ac_cv_build=x86_64-pc-linux-gnu
ac_cv_c_compiler_gnu=yes
ac_cv_cxx_compiler_gnu=yes
ac_cv_env_CCC_set=
ac_cv_env_CCC_value=
ac_cv_env_CC_set=
ac_cv_env_CC_value=
ac_cv_env_CFLAGS_set=
ac_cv_env_CFLAGS_value=
ac_cv_env_CPPFLAGS_set=
ac_cv_env_CPPFLAGS_value=
ac_cv_env_CPP_set=
ac_cv_env_CPP_value=
ac_cv_env_CXXCPP_set=
ac_cv_env_CXXCPP_value=
ac_cv_env_CXXFLAGS_set=
ac_cv_env_CXXFLAGS_value=
ac_cv_env_CXX_set=
ac_cv_env_CXX_value=
ac_cv_env_LDFLAGS_set=
ac_cv_env_LDFLAGS_value=
ac_cv_env_LIBS_set=
ac_cv_env_LIBS_value=
ac_cv_env_LT_SYS_LIBRARY_PATH_set=
ac_cv_env_LT_SYS_LIBRARY_PATH_value=
ac_cv_env_MPICXX_set=
ac_cv_env_MPICXX_value=
ac_cv_env_PYTHON_set=
ac_cv_env_PYTHON_value=
ac_cv_env_build_alias_set=
ac_cv_env_build_alias_value=
ac_cv_env_host_alias_set=
ac_cv_env_host_alias_value=
ac_cv_env_target_alias_set=
ac_cv_env_target_alias_value=
ac_cv_header_dlfcn_h=yes
ac_cv_header_inttypes_h=yes
ac_cv_header_memory_h=yes
ac_cv_header_stdc=yes
ac_cv_header_stdint_h=yes
ac_cv_header_stdlib_h=yes
ac_cv_header_string_h=yes
ac_cv_header_strings_h=yes
ac_cv_header_sys_stat_h=yes
ac_cv_header_sys_types_h=yes
ac_cv_header_unistd_h=yes
ac_cv_host=x86_64-pc-linux-gnu
ac_cv_objext=o
ac_cv_path_EGREP='/usr/bin/grep -E'
ac_cv_path_FGREP='/usr/bin/grep -F'
ac_cv_path_GREP=/usr/bin/grep
ac_cv_path_SED=/usr/bin/sed
ac_cv_path_install='/usr/bin/install -c'
ac_cv_path_lt_DD=/usr/bin/dd
ac_cv_path_mkdir=/usr/bin/mkdir
ac_cv_prog_AWK=mawk
ac_cv_prog_CPP='gcc -E'
ac_cv_prog_CXXCPP='g++ -E'
ac_cv_prog_ac_ct_AR=ar
ac_cv_prog_ac_ct_CC=gcc
ac_cv_prog_ac_ct_CXX=g++
ac_cv_prog_ac_ct_MANIFEST_TOOL=mt
ac_cv_prog_ac_ct_OBJDUMP=objdump
ac_cv_prog_ac_ct_RANLIB=ranlib
ac_cv_prog_ac_ct_STRIP=strip
ac_cv_prog_cc_c89=
ac_cv_prog_cc_g=yes
ac_cv_prog_cxx_g=yes
ac_cv_prog_make_make_set=yes
am_cv_CC_dependencies_compiler_type=gcc3
am_cv_CXX_dependencies_compiler_type=gcc3
am_cv_make_support_nested_variables=yes
am_cv_prog_cc_c_o=yes
ax_cv_cxx_compile_cxx11=yes
lt_cv_ar_at_file=@
lt_cv_archive_cmds_need_lc=no
lt_cv_deplibs_check_method=pass_all
lt_cv_file_magic_cmd='$MAGIC_CMD'
lt_cv_file_magic_test_file=
lt_cv_ld_reload_flag=-r
lt_cv_nm_interface='BSD nm'
lt_cv_objdir=.libs
lt_cv_path_LD=/usr/bin/ld
lt_cv_path_LDCXX='/usr/bin/ld -m elf_x86_64'
lt_cv_path_NM='/usr/bin/nm -B'
lt_cv_path_mainfest_tool=no
lt_cv_prog_compiler_c_o=yes
lt_cv_prog_compiler_c_o_CXX=yes
lt_cv_prog_compiler_pic='-fPIC -DPIC'
lt_cv_prog_compiler_pic_CXX='-fPIC -DPIC'
lt_cv_prog_compiler_pic_works=yes
lt_cv_prog_compiler_pic_works_CXX=yes
lt_cv_prog_compiler_rtti_exceptions=no
lt_cv_prog_compiler_static_works=yes
lt_cv_prog_compiler_static_works_CXX=yes
lt_cv_prog_gnu_ld=yes
lt_cv_prog_gnu_ldcxx=yes
lt_cv_sharedlib_from_linklib_cmd='printf %s\n'
lt_cv_shlibpath_overrides_runpath=yes
lt_cv_sys_global_symbol_pipe='sed -n -e '\''s/^.*[	 ]\([ABCDGIRSTW][ABCDGIRSTW]*\)[	 ][	 ]*\([_A-Za-z][_A-Za-z0-9]*\)$/\1 \2 \2/p'\'' | sed '\''/ __gnu_lto/d'\'''
lt_cv_sys_global_symbol_to_c_name_address='sed -n -e '\''s/^: \(.*\) .*$/  {"\1", (void *) 0},/p'\'' -e '\''s/^[ABCDGIRSTW][ABCDGIRSTW]* .* \(.*\)$/  {"\1", (void *) \&\1},/p'\'''
lt_cv_sys_global_symbol_to_c_name_address_lib_prefix='sed -n -e '\''s/^: \(.*\) .*$/  {"\1", (void *) 0},/p'\'' -e '\''s/^[ABCDGIRSTW][ABCDGIRSTW]* .* \(lib.*\)$/  {"\1", (void *) \&\1},/p'\'' -e '\''s/^[ABCDGIRSTW][ABCDGIRSTW]* .* \(.*\)$/  {"lib\1", (void *) \&\1},/p'\'''
lt_cv_sys_global_symbol_to_cdecl='sed -n -e '\''s/^T .* \(.*\)$/extern int \1();/p'\'' -e '\''s/^[ABCDGIRSTW][ABCDGIRSTW]* .* \(.*\)$/extern char \1;/p'\'''
lt_cv_sys_global_symbol_to_import=
lt_cv_sys_max_cmd_len=1572864
lt_cv_to_host_file_cmd=func_convert_file_noop
lt_cv_to_tool_file_cmd=func_convert_file_noop
lt_cv_truncate_bin='/usr/bin/dd bs=4096 count=1'

## ----------------- ##
## Output variables. ##
## ----------------- ##

ACLOCAL='${SHELL} /home/supersymmetry/Documents/lpsc/test/smodels/smodels/lib/resummino/LHAPDF-6.3.0/config/missing aclocal-1.15'
AMDEPBACKSLASH='\'
AMDEP_FALSE='#'
AMDEP_TRUE=''
AMTAR='$${TAR-tar}'
AM_BACKSLASH='\'
AM_CPPFLAGS=''
AM_CXXFLAGS=' -pedantic  -Wall  -Wno-long-long '
AM_DEFAULT_V='$(AM_DEFAULT_VERBOSITY)'
AM_DEFAULT_VERBOSITY='0'
AM_LDFLAGS=''
AM_V='$(V)'
AR='ar'
AUTOCONF='${SHELL} /home/supersymmetry/Documents/lpsc/test/smodels/smodels/lib/resummino/LHAPDF-6.3.0/config/missing autoconf'
AUTOHEADER='${SHELL} /home/supersymmetry/Documents/lpsc/test/smodels/smodels/lib/resummino/LHAPDF-6.3.0/config/missing autoheader'
AUTOMAKE='${SHELL} /home/supersymmetry/Documents/lpsc/test/smodels/smodels/lib/resummino/LHAPDF-6.3.0/config/missing automake-1.15'
AWK='mawk'
CC='gcc'
CCDEPMODE='depmode=gcc3'
CFLAGS='-g -O2'
CPP='gcc -E'
CPPFLAGS=' -I/home/supersymmetry/Documents/lpsc/test/smodels/smodels/lib/resummino/lhapdf/include'
CXX='g++'
CXXCPP='g++ -E'
CXXDEPMODE='depmode=gcc3'
CXXFLAGS='-O3'
CYGPATH_W='echo'
DEFS='-DHAVE_CONFIG_H'
DEPDIR='.deps'
DLLTOOL='false'
DOXYGEN=''
DSYMUTIL=''
DUMPBIN=''
ECHO_C=''
ECHO_N='-n'
ECHO_T=''
EGREP='/usr/bin/grep -E'
ENABLE_LHAGLUE_CXX_FALSE='#'
ENABLE_LHAGLUE_CXX_TRUE=''
ENABLE_LHAGLUE_FALSE='#'
ENABLE_LHAGLUE_TRUE=''
EXEEXT=''
FGREP='/usr/bin/grep -F'
GREP='/usr/bin/grep'
HAVE_CXX11='1'
INSTALL_DATA='${INSTALL} -m 644'
INSTALL_PROGRAM='${INSTALL}'
INSTALL_SCRIPT='${INSTALL}'
INSTALL_STRIP_PROGRAM='$(install_sh) -c -s'
LD='/usr/bin/ld -m elf_x86_64'
LDFLAGS=' -L/home/supersymmetry/Documents/lpsc/test/smodels/smodels/lib/resummino/lhapdf/lib'
LHAPDF_CXX='g++'
LHAPDF_CXXFLAGS='-O3'
LIBOBJS=''
LIBS=''
LIBTOOL='$(SHELL) $(top_builddir)/libtool'
LIPO=''
LN_S='ln -s'
LTLIBOBJS=''
LT_SYS_LIBRARY_PATH=''
MAKEINFO='${SHELL} /home/supersymmetry/Documents/lpsc/test/smodels/smodels/lib/resummino/LHAPDF-6.3.0/config/missing makeinfo'
MANIFEST_TOOL=':'
MKDIR_P='/usr/bin/mkdir -p'
MPICXX=''
NM='/usr/bin/nm -B'
NMEDIT=''
OBJDUMP='objdump'
OBJEXT='o'
OTOOL64=''
OTOOL=''
PACKAGE='LHAPDF'
PACKAGE_BUGREPORT='lhapdf-support@cern.ch'
PACKAGE_NAME='LHAPDF'
PACKAGE_STRING='LHAPDF 6.3.0'
PACKAGE_TARNAME='LHAPDF'
PACKAGE_URL=''
PACKAGE_VERSION='6.3.0'
PATH_SEPARATOR=':'
PDFLATEX=''
PYTHON=''
PYTHON_EXEC_PREFIX=''
PYTHON_PATH=''
PYTHON_PLATFORM=''
PYTHON_PREFIX=''
PYTHON_VERSION=''
RANLIB='ranlib'
SED='/usr/bin/sed'
SET_MAKE=''
SHELL='/bin/bash'
STRIP='strip'
SWVERS=''
USING_MPI_FALSE=''
USING_MPI_TRUE='#'
VERSION='6.3.0'
WITH_CYTHON_FALSE=''
WITH_CYTHON_TRUE='#'
WITH_DOXYGEN_FALSE=''
WITH_DOXYGEN_TRUE='#'
WITH_OSX_FALSE=''
WITH_OSX_TRUE='#'
WITH_PDFLATEX_FALSE=''
WITH_PDFLATEX_TRUE='#'
WITH_PYTHON_FALSE=''
WITH_PYTHON_TRUE='#'
ac_ct_AR='ar'
ac_ct_CC='gcc'
ac_ct_CXX='g++'
ac_ct_DUMPBIN=''
am__EXEEXT_FALSE=''
am__EXEEXT_TRUE='#'
am__fastdepCC_FALSE='#'
am__fastdepCC_TRUE=''
am__fastdepCXX_FALSE='#'
am__fastdepCXX_TRUE=''
am__include='include'
am__isrc=''
am__leading_dot='.'
am__nodep='_no'
am__quote=''
am__tar='$${TAR-tar} chof - "$$tardir"'
am__untar='$${TAR-tar} xf -'
bindir='${exec_prefix}/bin'
build='x86_64-pc-linux-gnu'
build_alias=''
build_cpu='x86_64'
build_os='linux-gnu'
build_vendor='pc'
datadir='${datarootdir}'
datarootdir='${prefix}/share'
docdir='${datarootdir}/doc/${PACKAGE_TARNAME}'
dvidir='${docdir}'
exec_prefix='${prefix}'
host='x86_64-pc-linux-gnu'
host_alias=''
host_cpu='x86_64'
host_os='linux-gnu'
host_vendor='pc'
htmldir='${docdir}'
includedir='${prefix}/include'
infodir='${datarootdir}/info'
install_sh='${SHELL} /home/supersymmetry/Documents/lpsc/test/smodels/smodels/lib/resummino/LHAPDF-6.3.0/config/install-sh'
libdir='${exec_prefix}/lib'
libexecdir='${exec_prefix}/libexec'
localedir='${datarootdir}/locale'
localstatedir='${prefix}/var'
mandir='${datarootdir}/man'
mkdir_p='$(MKDIR_P)'
oldincludedir='/usr/include'
pdfdir='${docdir}'
pkgpyexecdir=''
pkgpythondir=''
prefix='/home/supersymmetry/Documents/lpsc/test/smodels/smodels/lib/resummino/lhapdf'
program_transform_name='s,x,x,'
psdir='${docdir}'
pyexecdir=''
pythondir=''
runstatedir='${localstatedir}/run'
sbindir='${exec_prefix}/sbin'
sharedstatedir='${prefix}/com'
sysconfdir='${prefix}/etc'
target_alias=''

## ----------- ##
## confdefs.h. ##
## ----------- ##

/* confdefs.h */
#define PACKAGE_NAME "LHAPDF"
#define PACKAGE_TARNAME "LHAPDF"
#define PACKAGE_VERSION "6.3.0"
#define PACKAGE_STRING "LHAPDF 6.3.0"
#define PACKAGE_BUGREPORT "lhapdf-support@cern.ch"
#define PACKAGE_URL ""
#define PACKAGE "LHAPDF"
#define VERSION "6.3.0"
#define LHAPDF_VERSION "6.3.0"
#define LHAPDF_VERSION_CODE 60300
#define HAVE_CXX11 1
#define STDC_HEADERS 1
#define HAVE_SYS_TYPES_H 1
#define HAVE_SYS_STAT_H 1
#define HAVE_STDLIB_H 1
#define HAVE_STRING_H 1
#define HAVE_MEMORY_H 1
#define HAVE_STRINGS_H 1
#define HAVE_INTTYPES_H 1
#define HAVE_STDINT_H 1
#define HAVE_UNISTD_H 1
#define HAVE_DLFCN_H 1
#define LT_OBJDIR ".libs/"
#define LHAPDF_PDFLIB 1
#define LHAPDF_LHA5CXX 1

configure: exit 0
